⚡ Found 4 strongly connected components which includes at least one cycle each
cycle(001) ∈ α: DisputeCoordinator ~~{"DisputeDistributionMessage"}~~> DisputeDistribution ~~{"DisputeCoordinatorMessage"}~~>  *
cycle(002) ∈ β: ApprovalVoting ~~{"ApprovalDistributionMessage"}~~> ApprovalDistribution ~~{"ApprovalVotingMessage"}~~>  *
cycle(003) ∈ γ: CandidateBacking ~~{"CollatorProtocolMessage"}~~> CollatorProtocol ~~{"CandidateBackingMessage"}~~>  *
cycle(004) ∈ δ: NetworkBridgeRx ~~{"GossipSupportMessage"}~~> GossipSupport ~~{"NetworkBridgeRxMessage"}~~>  *
warning: solochain-template-runtime@0.1.0: You are building WASM runtime using `wasm32-unknown-unknown` target, although Rust >= 1.84 supports `wasm32v1-none` target!
warning: solochain-template-runtime@0.1.0: You can install it with `rustup target add wasm32v1-none --toolchain stable-x86_64-unknown-linux-gnu` if you're using `rustup`.
warning: solochain-template-runtime@0.1.0: After installing `wasm32v1-none` target, you must rebuild WASM runtime from scratch, use `cargo clean` before building.
warning: unnecessary parentheses around closure body
  --> runtime/src/genesis_config_presets.rs:42:52
   |
42 |             authorities: initial_authorities.iter().map(|x| (x.0.clone())).collect::<Vec<_>>(),
   |                                                             ^           ^
   |
   = note: `#[warn(unused_parens)]` (part of `#[warn(unused)]`) on by default
help: remove these parentheses
   |
42 -             authorities: initial_authorities.iter().map(|x| (x.0.clone())).collect::<Vec<_>>(),
42 +             authorities: initial_authorities.iter().map(|x| x.0.clone()).collect::<Vec<_>>(),
   |

warning: `solochain-template-runtime` (lib) generated 1 warning (run `cargo fix --lib -p solochain-template-runtime` to apply 1 suggestion)
    Finished `release` profile [optimized] target(s) in 36.19s
warning: the following packages contain code that will be rejected by a future version of Rust: trie-db v0.30.0
note: to see what the problems were, use the option `--future-incompat-report`, or run `cargo report future-incompatibilities --id 1`
     Running `target/release/solochain-template-node --dev --tmp --rpc-external --rpc-cors all`
2026-02-14 02:31:07 Substrate Node
2026-02-14 02:31:07 ✌️  version 0.1.0-1adedaffe70
2026-02-14 02:31:07 ❤️  by Parity Technologies <admin@parity.io>, 2017-2026
2026-02-14 02:31:07 📋 Chain specification: Development
2026-02-14 02:31:07 🏷  Node name: abaft-voyage-6023
2026-02-14 02:31:07 👤 Role: AUTHORITY
2026-02-14 02:31:07 💾 Database: RocksDb at /tmp/substrateEaYEnt/chains/dev/db/full
2026-02-14 02:31:12 🔨 Initializing Genesis block/state (state: 0xd398…21d7, header-hash: 0x8035…629f)
2026-02-14 02:31:12 Creating transaction pool txpool_type=ForkAware ready=Limit { count: 8192, total_bytes: 20971520 } future=Limit { count: 819, total_bytes: 2097152 }
2026-02-14 02:31:12 👴 Loading GRANDPA authority set from genesis on what appears to be first startup.
2026-02-14 02:31:13 Using default protocol ID "sup" because none is configured in the chain specs
2026-02-14 02:31:13 Local node identity is: 12D3KooWHU2PX8AqKzz8d1U1ipdo4wnnpD9Y6BktFpMSe8qzUZ8g
2026-02-14 02:31:13 Running litep2p network backend
2026-02-14 02:31:13 💻 Operating system: linux
2026-02-14 02:31:13 💻 CPU architecture: x86_64
2026-02-14 02:31:13 💻 Target environment: gnu
2026-02-14 02:31:13 💻 CPU: AMD EPYC 7763 64-Core Processor
2026-02-14 02:31:13 💻 CPU cores: 1
2026-02-14 02:31:13 💻 Memory: 7944MB
2026-02-14 02:31:13 💻 Kernel: 6.8.0-1030-azure
2026-02-14 02:31:13 💻 Linux distribution: Ubuntu 24.04.3 LTS
2026-02-14 02:31:13 💻 Virtual machine: yes
2026-02-14 02:31:13 📦 Highest known block at #0
2026-02-14 02:31:13 〽️ Prometheus exporter started at 127.0.0.1:9615
2026-02-14 02:31:13 Running JSON-RPC server: addr=0.0.0.0:9944,[::]:41925
2026-02-14 02:31:18 🙌 Starting consensus session on top of parent 0x8035ba8ef22169220598aca1a1a9633a734e62beca7b0be3cb5c1b8a833b629f (#0)
2026-02-14 02:31:18 🎁 Prepared block for proposing at 1 (0 ms) hash: 0x24e5c3f6c78b2e3f03f2a49462f6eb4c1d5101d20a4427a86db18b707bf6e411; parent_hash: 0x8035…629f; end: NoMoreTransactions; extrinsics_count: 1
2026-02-14 02:31:18 🔖 Pre-sealed block for proposal at 1. Hash now 0x73cca27fee93455499a3b8d342e33adcdb26a2a72746b1bb1c85b48f3b15095c, previously 0x24e5c3f6c78b2e3f03f2a49462f6eb4c1d5101d20a4427a86db18b707bf6e411.
2026-02-14 02:31:18 🏆 Imported #1 (0x8035…629f → 0x73cc…095c)
2026-02-14 02:31:18 💤 Idle (0 peers), best: #1 (0x73cc…095c), finalized #0 (0x8035…629f), ⬇ 0 ⬆ 0
2026-02-14 02:31:23 💤 Idle (0 peers), best: #1 (0x73cc…095c), finalized #0 (0x8035…629f), ⬇ 0 ⬆ 0
2026-02-14 02:31:24 🙌 Starting consensus session on top of parent 0x73cca27fee93455499a3b8d342e33adcdb26a2a72746b1bb1c85b48f3b15095c (#1)
2026-02-14 02:31:24 🎁 Prepared block for proposing at 2 (0 ms) hash: 0xab44d797e56540372e4bf2c542e8a9855934fbec2d33a0e4cd462822143a4563; parent_hash: 0x73cc…095c; end: NoMoreTransactions; extrinsics_count: 1
2026-02-14 02:31:24 🔖 Pre-sealed block for proposal at 2. Hash now 0x9d3a0092095cbf332a05c32c48dc4888d430516711bc559d7a45e87025d92bb0, previously 0xab44d797e56540372e4bf2c542e8a9855934fbec2d33a0e4cd462822143a4563.
2026-02-14 02:31:24 🏆 Imported #2 (0x73cc…095c → 0x9d3a…2bb0)
2026-02-14 02:31:28 💤 Idle (0 peers), best: #2 (0x9d3a…2bb0), finalized #0 (0x8035…629f), ⬇ 0 ⬆ 0
2026-02-14 02:31:30 🙌 Starting consensus session on top of parent 0x9d3a0092095cbf332a05c32c48dc4888d430516711bc559d7a45e87025d92bb0 (#2)
2026-02-14 02:31:30 🎁 Prepared block for proposing at 3 (0 ms) hash: 0xcc0d481297264c2f832a76119d3bf9e4e272d663d674503059a08307d9600857; parent_hash: 0x9d3a…2bb0; end: NoMoreTransactions; extrinsics_count: 1
2026-02-14 02:31:30 🔖 Pre-sealed block for proposal at 3. Hash now 0x6c1fdf419689a211eab9103d6266940abc6432a8b58336f9cc092c16bed85506, previously 0xcc0d481297264c2f832a76119d3bf9e4e272d663d674503059a08307d9600857.
2026-02-14 02:31:30 🏆 Imported #3 (0x9d3a…2bb0 → 0x6c1f…5506)
2026-02-14 02:31:33 💤 Idle (0 peers), best: #3 (0x6c1f…5506), finalized #1 (0x73cc…095c), ⬇ 0 ⬆ 0
2026-02-14 02:31:36 🙌 Starting consensus session on top of parent 0x6c1fdf419689a211eab9103d6266940abc6432a8b58336f9cc092c16bed85506 (#3)
2026-02-14 02:31:36 🎁 Prepared block for proposing at 4 (0 ms) hash: 0x83f0567476ecba4368bc1a839033f701da880ba14e3f8525172196ae93030d10; parent_hash: 0x6c1f…5506; end: NoMoreTransactions; extrinsics_count: 1
2026-02-14 02:31:36 🔖 Pre-sealed block for proposal at 4. Hash now 0x2435ecec9d0d42a785f3a2e905a82b83d4161c1c13de6cad1e6b78294ee440f3, previously 0x83f0567476ecba4368bc1a839033f701da880ba14e3f8525172196ae93030d10.
2026-02-14 02:31:36 🏆 Imported #4 (0x6c1f…5506 → 0x2435…40f3)
2026-02-14 02:31:38 💤 Idle (0 peers), best: #4 (0x2435…40f3), finalized #2 (0x9d3a…2bb0), ⬇ 0 ⬆ 0
2026-02-14 02:31:42 🙌 Starting consensus session on top of parent 0x2435ecec9d0d42a785f3a2e905a82b83d4161c1c13de6cad1e6b78294ee440f3 (#4)
2026-02-14 02:31:42 🎁 Prepared block for proposing at 5 (0 ms) hash: 0x7d61da8ddf42d5eac17dc8a305378255b49c6e48099b8cf2c616137f09d4572b; parent_hash: 0x2435…40f3; end: NoMoreTransactions; extrinsics_count: 1
2026-02-14 02:31:42 🔖 Pre-sealed block for proposal at 5. Hash now 0xd998cc15bc7f123c17fce8b9158d34710f2eed855d2ad2bf69cae9ee79a393ce, previously 0x7d61da8ddf42d5eac17dc8a305378255b49c6e48099b8cf2c616137f09d4572b.
2026-02-14 02:31:42 🏆 Imported #5 (0x2435…40f3 → 0xd998…93ce)
2026-02-14 02:31:43 💤 Idle (0 peers), best: #5 (0xd998…93ce), finalized #2 (0x9d3a…2bb0), ⬇ 0 ⬆ 0
2026-02-14 02:31:48 🙌 Starting consensus session on top of parent 0xd998cc15bc7f123c17fce8b9158d34710f2eed855d2ad2bf69cae9ee79a393ce (#5)
2026-02-14 02:31:48 🎁 Prepared block for proposing at 6 (0 ms) hash: 0x3ea0e388633440eb4c3edf4acb7a7d77b78cc40c7d9c8f0efc9deec21545e2ef; parent_hash: 0xd998…93ce; end: NoMoreTransactions; extrinsics_count: 1
2026-02-14 02:31:48 🔖 Pre-sealed block for proposal at 6. Hash now 0x34dee8046e1cb4454853507536632ea31bbdbe94a1a51433591e3174c4154db5, previously 0x3ea0e388633440eb4c3edf4acb7a7d77b78cc40c7d9c8f0efc9deec21545e2ef.
2026-02-14 02:31:48 🏆 Imported #6 (0xd998…93ce → 0x34de…4db5)
2026-02-14 02:31:48 💤 Idle (0 peers), best: #6 (0x34de…4db5), finalized #3 (0x6c1f…5506), ⬇ 0 ⬆ 0
2026-02-14 02:31:53 💤 Idle (0 peers), best: #6 (0x34de…4db5), finalized #4 (0x2435…40f3), ⬇ 0 ⬆ 0
2026-02-14 02:31:54 🙌 Starting consensus session on top of parent 0x34dee8046e1cb4454853507536632ea31bbdbe94a1a51433591e3174c4154db5 (#6)
2026-02-14 02:31:54 🎁 Prepared block for proposing at 7 (0 ms) hash: 0x69733f22d69643769e1f9cc1703ae75687f829192d0d553cc6699ab22ada7b34; parent_hash: 0x34de…4db5; end: NoMoreTransactions; extrinsics_count: 1
2026-02-14 02:31:54 🔖 Pre-sealed block for proposal at 7. Hash now 0x9cc2725a7597ddcf203fc117a90663d2bee24be9aff951bf4ad26bb42f6b1481, previously 0x69733f22d69643769e1f9cc1703ae75687f829192d0d553cc6699ab22ada7b34.
2026-02-14 02:31:54 🏆 Imported #7 (0x34de…4db5 → 0x9cc2…1481)
2026-02-14 02:31:58 💤 Idle (0 peers), best: #7 (0x9cc2…1481), finalized #5 (0xd998…93ce), ⬇ 0 ⬆ 0
2026-02-14 02:32:00 🙌 Starting consensus session on top of parent 0x9cc2725a7597ddcf203fc117a90663d2bee24be9aff951bf4ad26bb42f6b1481 (#7)
2026-02-14 02:32:00 🎁 Prepared block for proposing at 8 (0 ms) hash: 0xcfdda1f085fcfffa4fc20a2d8d1d8ffcc65e59266b58524cca3c23b7216b9a0f; parent_hash: 0x9cc2…1481; end: NoMoreTransactions; extrinsics_count: 1
2026-02-14 02:32:00 🔖 Pre-sealed block for proposal at 8. Hash now 0x835e70c43bb6d3399460498b4ed8d6bef2f51c7be45557c01ddfa14db1eb7c32, previously 0xcfdda1f085fcfffa4fc20a2d8d1d8ffcc65e59266b58524cca3c23b7216b9a0f.
2026-02-14 02:32:00 🏆 Imported #8 (0x9cc2…1481 → 0x835e…7c32)
2026-02-14 02:32:03 💤 Idle (0 peers), best: #8 (0x835e…7c32), finalized #6 (0x34de…4db5), ⬇ 0 ⬆ 0
2026-02-14 02:32:06 🙌 Starting consensus session on top of parent 0x835e70c43bb6d3399460498b4ed8d6bef2f51c7be45557c01ddfa14db1eb7c32 (#8)
2026-02-14 02:32:06 🎁 Prepared block for proposing at 9 (0 ms) hash: 0x3462f64195db4b847c47016ecc98f3c3e6933a6305ad04d8f9439b0a8643739c; parent_hash: 0x835e…7c32; end: NoMoreTransactions; extrinsics_count: 1
2026-02-14 02:32:06 🔖 Pre-sealed block for proposal at 9. Hash now 0xd63bee22844c30e0c1cf074454ba55fee40d133c54aa623de83e98ce790751fa, previously 0x3462f64195db4b847c47016ecc98f3c3e6933a6305ad04d8f9439b0a8643739c.
2026-02-14 02:32:06 🏆 Imported #9 (0x835e…7c32 → 0xd63b…51fa)
2026-02-14 02:32:08 💤 Idle (0 peers), best: #9 (0xd63b…51fa), finalized #7 (0x9cc2…1481), ⬇ 0 ⬆ 0
2026-02-14 02:32:12 🙌 Starting consensus session on top of parent 0xd63bee22844c30e0c1cf074454ba55fee40d133c54aa623de83e98ce790751fa (#9)
2026-02-14 02:32:12 🎁 Prepared block for proposing at 10 (0 ms) hash: 0x456546e5849403dec90650a4c78d4881e849106da342fdafe24c0a4f954eb61e; parent_hash: 0xd63b…51fa; end: NoMoreTransactions; extrinsics_count: 1
2026-02-14 02:32:12 🔖 Pre-sealed block for proposal at 10. Hash now 0xd7b047633e865eb7a30ffe7d515100456eea16e7130055e8ca0eb7b0d4f67c2c, previously 0x456546e5849403dec90650a4c78d4881e849106da342fdafe24c0a4f954eb61e.
2026-02-14 02:32:12 🏆 Imported #10 (0xd63b…51fa → 0xd7b0…7c2c)
2026-02-14 02:32:13 💤 Idle (0 peers), best: #10 (0xd7b0…7c2c), finalized #7 (0x9cc2…1481), ⬇ 0 ⬆ 0
2026-02-14 02:32:18 🙌 Starting consensus session on top of parent 0xd7b047633e865eb7a30ffe7d515100456eea16e7130055e8ca0eb7b0d4f67c2c (#10)
2026-02-14 02:32:18 🎁 Prepared block for proposing at 11 (1 ms) hash: 0xbdfde98de8a05030df5e4a7d0422b6684ce48b1d3f002f32bd338a116d8d3113; parent_hash: 0xd7b0…7c2c; end: NoMoreTransactions; extrinsics_count: 1
2026-02-14 02:32:18 🔖 Pre-sealed block for proposal at 11. Hash now 0x2162a14ab2ea71f4ccdfa46e02bde37dfc942eacb8df45e21df87d52bbc14daf, previously 0xbdfde98de8a05030df5e4a7d0422b6684ce48b1d3f002f32bd338a116d8d3113.
2026-02-14 02:32:18 🏆 Imported #11 (0xd7b0…7c2c → 0x2162…4daf)
2026-02-14 02:32:18 💤 Idle (0 peers), best: #11 (0x2162…4daf), finalized #8 (0x835e…7c32), ⬇ 0 ⬆ 0
2026-02-14 02:32:23 💤 Idle (0 peers), best: #11 (0x2162…4daf), finalized #9 (0xd63b…51fa), ⬇ 0 ⬆ 0
2026-02-14 02:32:24 🙌 Starting consensus session on top of parent 0x2162a14ab2ea71f4ccdfa46e02bde37dfc942eacb8df45e21df87d52bbc14daf (#11)
2026-02-14 02:32:24 🎁 Prepared block for proposing at 12 (0 ms) hash: 0x5d4387f0a46566e6dd68c2845432f3d380122ed165368d7f9507a1286a0063a3; parent_hash: 0x2162…4daf; end: NoMoreTransactions; extrinsics_count: 1
2026-02-14 02:32:24 🔖 Pre-sealed block for proposal at 12. Hash now 0x4b6d4f51c04e141fed00dce01365b2d1c28cb4a53c8cf4c6d6b17a943f848f9e, previously 0x5d4387f0a46566e6dd68c2845432f3d380122ed165368d7f9507a1286a0063a3.
2026-02-14 02:32:24 🏆 Imported #12 (0x2162…4daf → 0x4b6d…8f9e)
2026-02-14 02:32:28 💤 Idle (0 peers), best: #12 (0x4b6d…8f9e), finalized #10 (0xd7b0…7c2c), ⬇ 0 ⬆ 0
2026-02-14 02:32:30 🙌 Starting consensus session on top of parent 0x4b6d4f51c04e141fed00dce01365b2d1c28cb4a53c8cf4c6d6b17a943f848f9e (#12)
2026-02-14 02:32:30 🎁 Prepared block for proposing at 13 (0 ms) hash: 0xf66ebc58484a25fd65e1286cdff9200a84140f1f4d9323457bdd6f0837c41221; parent_hash: 0x4b6d…8f9e; end: NoMoreTransactions; extrinsics_count: 1
2026-02-14 02:32:30 🔖 Pre-sealed block for proposal at 13. Hash now 0x43bf364e90e7df48d2d9e0e33ce06b329aef43c249e228fac90a6655bdacab6d, previously 0xf66ebc58484a25fd65e1286cdff9200a84140f1f4d9323457bdd6f0837c41221.
2026-02-14 02:32:30 🏆 Imported #13 (0x4b6d…8f9e → 0x43bf…ab6d)
2026-02-14 02:32:33 💤 Idle (0 peers), best: #13 (0x43bf…ab6d), finalized #11 (0x2162…4daf), ⬇ 0 ⬆ 0
2026-02-14 02:32:36 🙌 Starting consensus session on top of parent 0x43bf364e90e7df48d2d9e0e33ce06b329aef43c249e228fac90a6655bdacab6d (#13)
2026-02-14 02:32:36 🎁 Prepared block for proposing at 14 (0 ms) hash: 0x1c4ca823f3c0decade235d772253f4bc9b549fb07529ebc1be57c6229985581b; parent_hash: 0x43bf…ab6d; end: NoMoreTransactions; extrinsics_count: 1
2026-02-14 02:32:36 🔖 Pre-sealed block for proposal at 14. Hash now 0x0359a8cc93ebe5a8856ef13cb368775fbc076eb1c4b16dd61f9442810ce04bbd, previously 0x1c4ca823f3c0decade235d772253f4bc9b549fb07529ebc1be57c6229985581b.
2026-02-14 02:32:36 🏆 Imported #14 (0x43bf…ab6d → 0x0359…4bbd)
2026-02-14 02:32:38 💤 Idle (0 peers), best: #14 (0x0359…4bbd), finalized #12 (0x4b6d…8f9e), ⬇ 0 ⬆ 0
2026-02-14 02:32:42 🙌 Starting consensus session on top of parent 0x0359a8cc93ebe5a8856ef13cb368775fbc076eb1c4b16dd61f9442810ce04bbd (#14)
2026-02-14 02:32:42 🎁 Prepared block for proposing at 15 (0 ms) hash: 0x4bb6aa8105f3df06d27bc0c4ef31f73e6cef58733521553c51ebe7b2345e1f32; parent_hash: 0x0359…4bbd; end: NoMoreTransactions; extrinsics_count: 1
2026-02-14 02:32:42 🔖 Pre-sealed block for proposal at 15. Hash now 0xefd824a9e7eb83804fee997e98303ce8bffbbdfb6f980772c06fcfa12fcd1f3e, previously 0x4bb6aa8105f3df06d27bc0c4ef31f73e6cef58733521553c51ebe7b2345e1f32.
2026-02-14 02:32:42 🏆 Imported #15 (0x0359…4bbd → 0xefd8…1f3e)
2026-02-14 02:32:43 💤 Idle (0 peers), best: #15 (0xefd8…1f3e), finalized #12 (0x4b6d…8f9e), ⬇ 0 ⬆ 0
2026-02-14 02:32:48 🙌 Starting consensus session on top of parent 0xefd824a9e7eb83804fee997e98303ce8bffbbdfb6f980772c06fcfa12fcd1f3e (#15)
2026-02-14 02:32:48 🎁 Prepared block for proposing at 16 (0 ms) hash: 0xeaa6c0fc97555931e8344a0ead57dfaaf7f87e798142b5418b839a81641ef7f0; parent_hash: 0xefd8…1f3e; end: NoMoreTransactions; extrinsics_count: 1
2026-02-14 02:32:48 🔖 Pre-sealed block for proposal at 16. Hash now 0x7e0987cce68d9f03b9696df770a0426d0673155c406c8ed510f7cadcbb9a0f89, previously 0xeaa6c0fc97555931e8344a0ead57dfaaf7f87e798142b5418b839a81641ef7f0.
2026-02-14 02:32:48 🏆 Imported #16 (0xefd8…1f3e → 0x7e09…0f89)
2026-02-14 02:32:48 💤 Idle (0 peers), best: #16 (0x7e09…0f89), finalized #13 (0x43bf…ab6d), ⬇ 0 ⬆ 0
2026-02-14 02:32:53 💤 Idle (0 peers), best: #16 (0x7e09…0f89), finalized #14 (0x0359…4bbd), ⬇ 0 ⬆ 0
2026-02-14 02:32:54 🙌 Starting consensus session on top of parent 0x7e0987cce68d9f03b9696df770a0426d0673155c406c8ed510f7cadcbb9a0f89 (#16)
2026-02-14 02:32:54 🎁 Prepared block for proposing at 17 (0 ms) hash: 0x88fd8c793ed5dc571e4af0ca2082a0a1ebecc75c72366df73de56ff2ecd5e8e6; parent_hash: 0x7e09…0f89; end: NoMoreTransactions; extrinsics_count: 1
2026-02-14 02:32:54 🔖 Pre-sealed block for proposal at 17. Hash now 0xf90e8ed140feb44dcd86c456ae2bfe35e4d0706ac4bae97a2628da857cd4d478, previously 0x88fd8c793ed5dc571e4af0ca2082a0a1ebecc75c72366df73de56ff2ecd5e8e6.
2026-02-14 02:32:54 🏆 Imported #17 (0x7e09…0f89 → 0xf90e…d478)
2026-02-14 02:32:58 💤 Idle (0 peers), best: #17 (0xf90e…d478), finalized #15 (0xefd8…1f3e), ⬇ 0 ⬆ 0
2026-02-14 02:33:00 🙌 Starting consensus session on top of parent 0xf90e8ed140feb44dcd86c456ae2bfe35e4d0706ac4bae97a2628da857cd4d478 (#17)
2026-02-14 02:33:00 🎁 Prepared block for proposing at 18 (0 ms) hash: 0x07c4b0b1784532c4ae6fff6ecd78bfc0bd198891dde55b06f1f61ea495eec1d5; parent_hash: 0xf90e…d478; end: NoMoreTransactions; extrinsics_count: 1
2026-02-14 02:33:00 🔖 Pre-sealed block for proposal at 18. Hash now 0x2153ad6e6dba2fcb2b65c4a95d81843108143dad4613d3d3ad722b3bc67394e0, previously 0x07c4b0b1784532c4ae6fff6ecd78bfc0bd198891dde55b06f1f61ea495eec1d5.
2026-02-14 02:33:00 🏆 Imported #18 (0xf90e…d478 → 0x2153…94e0)
2026-02-14 02:33:03 💤 Idle (0 peers), best: #18 (0x2153…94e0), finalized #16 (0x7e09…0f89), ⬇ 0 ⬆ 0
2026-02-14 02:33:06 🙌 Starting consensus session on top of parent 0x2153ad6e6dba2fcb2b65c4a95d81843108143dad4613d3d3ad722b3bc67394e0 (#18)
2026-02-14 02:33:06 🎁 Prepared block for proposing at 19 (0 ms) hash: 0xfdc9209925ce544f069ab97d8836bceccc46474f18aac1290b2f3540533ac64b; parent_hash: 0x2153…94e0; end: NoMoreTransactions; extrinsics_count: 1
2026-02-14 02:33:06 🔖 Pre-sealed block for proposal at 19. Hash now 0xcfb641abf4309bf2a6fb4c40a16bc1b06ef7ae722d6329bfc3c65440824f7934, previously 0xfdc9209925ce544f069ab97d8836bceccc46474f18aac1290b2f3540533ac64b.
2026-02-14 02:33:06 🏆 Imported #19 (0x2153…94e0 → 0xcfb6…7934)
2026-02-14 02:33:08 💤 Idle (0 peers), best: #19 (0xcfb6…7934), finalized #17 (0xf90e…d478), ⬇ 0 ⬆ 0
2026-02-14 02:33:12 🙌 Starting consensus session on top of parent 0xcfb641abf4309bf2a6fb4c40a16bc1b06ef7ae722d6329bfc3c65440824f7934 (#19)
2026-02-14 02:33:12 🎁 Prepared block for proposing at 20 (0 ms) hash: 0x4a172a7dbbdea40ba2080577919352f0015f792cc104735da9331c599d803278; parent_hash: 0xcfb6…7934; end: NoMoreTransactions; extrinsics_count: 1
2026-02-14 02:33:12 🔖 Pre-sealed block for proposal at 20. Hash now 0xd10d8cdafa129f6d341adb6f525d3456a6ae95155fbb7ec0ae9d554773f2f052, previously 0x4a172a7dbbdea40ba2080577919352f0015f792cc104735da9331c599d803278.
2026-02-14 02:33:12 🏆 Imported #20 (0xcfb6…7934 → 0xd10d…f052)
2026-02-14 02:33:13 💤 Idle (0 peers), best: #20 (0xd10d…f052), finalized #17 (0xf90e…d478), ⬇ 0 ⬆ 0
2026-02-14 02:33:18 🙌 Starting consensus session on top of parent 0xd10d8cdafa129f6d341adb6f525d3456a6ae95155fbb7ec0ae9d554773f2f052 (#20)
2026-02-14 02:33:18 🎁 Prepared block for proposing at 21 (0 ms) hash: 0x3e39a909fb0b7dd3db31b5f75c50407af019328a2f23bd9f013e860f8b17d5ae; parent_hash: 0xd10d…f052; end: NoMoreTransactions; extrinsics_count: 1
2026-02-14 02:33:18 🔖 Pre-sealed block for proposal at 21. Hash now 0xc1371569f1a8e4ef7de8d2a93b2343ab398ebc700489a2671318b9c365c6d67d, previously 0x3e39a909fb0b7dd3db31b5f75c50407af019328a2f23bd9f013e860f8b17d5ae.
2026-02-14 02:33:18 🏆 Imported #21 (0xd10d…f052 → 0xc137…d67d)
2026-02-14 02:33:18 💤 Idle (0 peers), best: #21 (0xc137…d67d), finalized #18 (0x2153…94e0), ⬇ 0 ⬆ 0
2026-02-14 02:33:23 💤 Idle (0 peers), best: #21 (0xc137…d67d), finalized #19 (0xcfb6…7934), ⬇ 0 ⬆ 0
2026-02-14 02:33:24 🙌 Starting consensus session on top of parent 0xc1371569f1a8e4ef7de8d2a93b2343ab398ebc700489a2671318b9c365c6d67d (#21)
2026-02-14 02:33:24 🎁 Prepared block for proposing at 22 (0 ms) hash: 0xee501a428b1e354c04d7f1e5cefe7d436b13308b8983935e346a3ffad803c883; parent_hash: 0xc137…d67d; end: NoMoreTransactions; extrinsics_count: 1
2026-02-14 02:33:24 🔖 Pre-sealed block for proposal at 22. Hash now 0xed61b7f0611efddcd20ed7bd26c807aa0257785e7aa6f665e72970f42c1b9fe5, previously 0xee501a428b1e354c04d7f1e5cefe7d436b13308b8983935e346a3ffad803c883.
2026-02-14 02:33:24 🏆 Imported #22 (0xc137…d67d → 0xed61…9fe5)
2026-02-14 02:33:28 💤 Idle (0 peers), best: #22 (0xed61…9fe5), finalized #20 (0xd10d…f052), ⬇ 0 ⬆ 0
2026-02-14 02:33:30 🙌 Starting consensus session on top of parent 0xed61b7f0611efddcd20ed7bd26c807aa0257785e7aa6f665e72970f42c1b9fe5 (#22)
2026-02-14 02:33:30 🎁 Prepared block for proposing at 23 (0 ms) hash: 0x8798b2325c0fcbd7a205afbbf1d297a389a8b8394311773787d7aeca5ba5f142; parent_hash: 0xed61…9fe5; end: NoMoreTransactions; extrinsics_count: 1
2026-02-14 02:33:30 🔖 Pre-sealed block for proposal at 23. Hash now 0xe9d8e51bb0e955c8cdc7cd99b630a118cd80fe5f3b609213fe9c28492dd41d27, previously 0x8798b2325c0fcbd7a205afbbf1d297a389a8b8394311773787d7aeca5ba5f142.
2026-02-14 02:33:30 🏆 Imported #23 (0xed61…9fe5 → 0xe9d8…1d27)
2026-02-14 02:33:33 💤 Idle (0 peers), best: #23 (0xe9d8…1d27), finalized #21 (0xc137…d67d), ⬇ 0 ⬆ 0
2026-02-14 02:33:36 🙌 Starting consensus session on top of parent 0xe9d8e51bb0e955c8cdc7cd99b630a118cd80fe5f3b609213fe9c28492dd41d27 (#23)
2026-02-14 02:33:36 🎁 Prepared block for proposing at 24 (0 ms) hash: 0xff5675c72636cb714f6c19f86583617ffe11190fc713f0c3c8f0908f3596e89e; parent_hash: 0xe9d8…1d27; end: NoMoreTransactions; extrinsics_count: 1
2026-02-14 02:33:36 🔖 Pre-sealed block for proposal at 24. Hash now 0x97b537ab1cf90bd5ab35fa412e262da4186ca368572f60bf0387ff68bcf83001, previously 0xff5675c72636cb714f6c19f86583617ffe11190fc713f0c3c8f0908f3596e89e.
2026-02-14 02:33:36 🏆 Imported #24 (0xe9d8…1d27 → 0x97b5…3001)
2026-02-14 02:33:38 💤 Idle (0 peers), best: #24 (0x97b5…3001), finalized #22 (0xed61…9fe5), ⬇ 0 ⬆ 0
2026-02-14 02:33:42 🙌 Starting consensus session on top of parent 0x97b537ab1cf90bd5ab35fa412e262da4186ca368572f60bf0387ff68bcf83001 (#24)
2026-02-14 02:33:42 🎁 Prepared block for proposing at 25 (0 ms) hash: 0x5e33529685bf1c045104a2dce446ce2e063b5f3f3196c8af83605fe054820b31; parent_hash: 0x97b5…3001; end: NoMoreTransactions; extrinsics_count: 1
2026-02-14 02:33:42 🔖 Pre-sealed block for proposal at 25. Hash now 0x9cd8ab873b569ca3c1277656454cf73a8eb28a24bffa637dcc6feaa46b4558df, previously 0x5e33529685bf1c045104a2dce446ce2e063b5f3f3196c8af83605fe054820b31.
2026-02-14 02:33:42 🏆 Imported #25 (0x97b5…3001 → 0x9cd8…58df)
2026-02-14 02:33:43 💤 Idle (0 peers), best: #25 (0x9cd8…58df), finalized #22 (0xed61…9fe5), ⬇ 0 ⬆ 0
2026-02-14 02:33:48 🙌 Starting consensus session on top of parent 0x9cd8ab873b569ca3c1277656454cf73a8eb28a24bffa637dcc6feaa46b4558df (#25)
2026-02-14 02:33:48 🎁 Prepared block for proposing at 26 (0 ms) hash: 0xcc047f7deb343d454ceb856e65485153865e23b94917f24ed44199a638a4f9cc; parent_hash: 0x9cd8…58df; end: NoMoreTransactions; extrinsics_count: 1
2026-02-14 02:33:48 🔖 Pre-sealed block for proposal at 26. Hash now 0x0359f1919b847d811050a610c231b3123fc2db66f0287c78eb452fd8010c5395, previously 0xcc047f7deb343d454ceb856e65485153865e23b94917f24ed44199a638a4f9cc.
2026-02-14 02:33:48 🏆 Imported #26 (0x9cd8…58df → 0x0359…5395)
2026-02-14 02:33:48 💤 Idle (0 peers), best: #26 (0x0359…5395), finalized #23 (0xe9d8…1d27), ⬇ 0 ⬆ 0
2026-02-14 02:33:53 💤 Idle (0 peers), best: #26 (0x0359…5395), finalized #24 (0x97b5…3001), ⬇ 0 ⬆ 0
2026-02-14 02:33:54 🙌 Starting consensus session on top of parent 0x0359f1919b847d811050a610c231b3123fc2db66f0287c78eb452fd8010c5395 (#26)
2026-02-14 02:33:54 🎁 Prepared block for proposing at 27 (0 ms) hash: 0xab66ed19ac7a1e8d4efbe171ca8e447d23ddcab187725a719eaa8a3f92de4669; parent_hash: 0x0359…5395; end: NoMoreTransactions; extrinsics_count: 1
2026-02-14 02:33:54 🔖 Pre-sealed block for proposal at 27. Hash now 0x361d31c1c0b4dbbe88c3d254f6d926b78c810dc1b5d98be19928fb4824220e7e, previously 0xab66ed19ac7a1e8d4efbe171ca8e447d23ddcab187725a719eaa8a3f92de4669.
2026-02-14 02:33:54 🏆 Imported #27 (0x0359…5395 → 0x361d…0e7e)
2026-02-14 02:33:58 💤 Idle (0 peers), best: #27 (0x361d…0e7e), finalized #25 (0x9cd8…58df), ⬇ 0 ⬆ 0
2026-02-14 02:34:00 🙌 Starting consensus session on top of parent 0x361d31c1c0b4dbbe88c3d254f6d926b78c810dc1b5d98be19928fb4824220e7e (#27)
2026-02-14 02:34:00 🎁 Prepared block for proposing at 28 (0 ms) hash: 0x60852d9931a750898fa16fa1f73eadaba5d61cd30e87ff3a989450fd52005ec2; parent_hash: 0x361d…0e7e; end: NoMoreTransactions; extrinsics_count: 1
2026-02-14 02:34:00 🔖 Pre-sealed block for proposal at 28. Hash now 0xe469e90d740dddfcb4f2542797ba33227b2c9f8e3a10d18799a6ec60b10fbc3f, previously 0x60852d9931a750898fa16fa1f73eadaba5d61cd30e87ff3a989450fd52005ec2.
2026-02-14 02:34:00 🏆 Imported #28 (0x361d…0e7e → 0xe469…bc3f)
2026-02-14 02:34:03 💤 Idle (0 peers), best: #28 (0xe469…bc3f), finalized #26 (0x0359…5395), ⬇ 0 ⬆ 0
2026-02-14 02:34:06 🙌 Starting consensus session on top of parent 0xe469e90d740dddfcb4f2542797ba33227b2c9f8e3a10d18799a6ec60b10fbc3f (#28)
2026-02-14 02:34:06 🎁 Prepared block for proposing at 29 (0 ms) hash: 0x976920fb9d7c549ed1c74792e3922a531e45438a51b3338de5d02daa1e8cd7ba; parent_hash: 0xe469…bc3f; end: NoMoreTransactions; extrinsics_count: 1
2026-02-14 02:34:06 🔖 Pre-sealed block for proposal at 29. Hash now 0x2c7598502e9807124d80f4c624d6178d2c7f99c58758d018b7f2934ad42267cf, previously 0x976920fb9d7c549ed1c74792e3922a531e45438a51b3338de5d02daa1e8cd7ba.
2026-02-14 02:34:06 🏆 Imported #29 (0xe469…bc3f → 0x2c75…67cf)
2026-02-14 02:34:08 💤 Idle (0 peers), best: #29 (0x2c75…67cf), finalized #27 (0x361d…0e7e), ⬇ 0 ⬆ 0
2026-02-14 02:34:12 🙌 Starting consensus session on top of parent 0x2c7598502e9807124d80f4c624d6178d2c7f99c58758d018b7f2934ad42267cf (#29)
2026-02-14 02:34:12 🎁 Prepared block for proposing at 30 (0 ms) hash: 0x6121ac5d703d71c233d81a41b44d3e51b3ff3968672ddee03b11e91935d63819; parent_hash: 0x2c75…67cf; end: NoMoreTransactions; extrinsics_count: 1
2026-02-14 02:34:12 🔖 Pre-sealed block for proposal at 30. Hash now 0x7b59a1697f50d1ce1edaf0950841995afca3b48795ef7852e3e1cf1199078964, previously 0x6121ac5d703d71c233d81a41b44d3e51b3ff3968672ddee03b11e91935d63819.
2026-02-14 02:34:12 🏆 Imported #30 (0x2c75…67cf → 0x7b59…8964)
2026-02-14 02:34:13 💤 Idle (0 peers), best: #30 (0x7b59…8964), finalized #27 (0x361d…0e7e), ⬇ 0 ⬆ 0
2026-02-14 02:34:18 🙌 Starting consensus session on top of parent 0x7b59a1697f50d1ce1edaf0950841995afca3b48795ef7852e3e1cf1199078964 (#30)
2026-02-14 02:34:18 🎁 Prepared block for proposing at 31 (0 ms) hash: 0xd381c4728d1a3fbb27a51220536681d2f25d26eade6ff1126fddbf91c2ae1913; parent_hash: 0x7b59…8964; end: NoMoreTransactions; extrinsics_count: 1
2026-02-14 02:34:18 🔖 Pre-sealed block for proposal at 31. Hash now 0x4b3de0eaf79e419f1a96e9b083431899103df676574614d49e7990f48efcac26, previously 0xd381c4728d1a3fbb27a51220536681d2f25d26eade6ff1126fddbf91c2ae1913.
2026-02-14 02:34:18 🏆 Imported #31 (0x7b59…8964 → 0x4b3d…ac26)
2026-02-14 02:34:18 💤 Idle (0 peers), best: #31 (0x4b3d…ac26), finalized #28 (0xe469…bc3f), ⬇ 0 ⬆ 0
2026-02-14 02:34:23 💤 Idle (0 peers), best: #31 (0x4b3d…ac26), finalized #29 (0x2c75…67cf), ⬇ 0 ⬆ 0
2026-02-14 02:34:24 🙌 Starting consensus session on top of parent 0x4b3de0eaf79e419f1a96e9b083431899103df676574614d49e7990f48efcac26 (#31)
2026-02-14 02:34:24 🎁 Prepared block for proposing at 32 (0 ms) hash: 0xbbde98b114d05408b7d8c7da317fae12b907563496f89d1f09de25893104f269; parent_hash: 0x4b3d…ac26; end: NoMoreTransactions; extrinsics_count: 1
2026-02-14 02:34:24 🔖 Pre-sealed block for proposal at 32. Hash now 0x2e4d6f7a77a7fd6abbd5af140591bc4d2471316686137e164b20544b699eee99, previously 0xbbde98b114d05408b7d8c7da317fae12b907563496f89d1f09de25893104f269.
2026-02-14 02:34:24 🏆 Imported #32 (0x4b3d…ac26 → 0x2e4d…ee99)
2026-02-14 02:34:28 💤 Idle (0 peers), best: #32 (0x2e4d…ee99), finalized #30 (0x7b59…8964), ⬇ 0 ⬆ 0
2026-02-14 02:34:30 🙌 Starting consensus session on top of parent 0x2e4d6f7a77a7fd6abbd5af140591bc4d2471316686137e164b20544b699eee99 (#32)
2026-02-14 02:34:30 🎁 Prepared block for proposing at 33 (0 ms) hash: 0x32bdf4ea0ed67f1c38bb8b6d796ef73d25d9c8954fbe5432cc66016662ab0c2e; parent_hash: 0x2e4d…ee99; end: NoMoreTransactions; extrinsics_count: 1
2026-02-14 02:34:30 🔖 Pre-sealed block for proposal at 33. Hash now 0x9a1bbecb96561e81d2e673462d458ba25e05500fa295c0f33b89f24efef6cbbd, previously 0x32bdf4ea0ed67f1c38bb8b6d796ef73d25d9c8954fbe5432cc66016662ab0c2e.
2026-02-14 02:34:30 🏆 Imported #33 (0x2e4d…ee99 → 0x9a1b…cbbd)
2026-02-14 02:34:33 💤 Idle (0 peers), best: #33 (0x9a1b…cbbd), finalized #31 (0x4b3d…ac26), ⬇ 0 ⬆ 0
2026-02-14 02:34:36 🙌 Starting consensus session on top of parent 0x9a1bbecb96561e81d2e673462d458ba25e05500fa295c0f33b89f24efef6cbbd (#33)
2026-02-14 02:34:36 🎁 Prepared block for proposing at 34 (0 ms) hash: 0x2f7c2a468d38599933648c04641aa6794c363bf0ffbccdf7299b40df126c65b6; parent_hash: 0x9a1b…cbbd; end: NoMoreTransactions; extrinsics_count: 1
2026-02-14 02:34:36 🔖 Pre-sealed block for proposal at 34. Hash now 0x9b940b72c273076c04b4b5bd4c36041cd00abe74b10d22acfa72e058560cb395, previously 0x2f7c2a468d38599933648c04641aa6794c363bf0ffbccdf7299b40df126c65b6.
2026-02-14 02:34:36 🏆 Imported #34 (0x9a1b…cbbd → 0x9b94…b395)
2026-02-14 02:34:38 💤 Idle (0 peers), best: #34 (0x9b94…b395), finalized #32 (0x2e4d…ee99), ⬇ 0 ⬆ 0
2026-02-14 02:34:42 🙌 Starting consensus session on top of parent 0x9b940b72c273076c04b4b5bd4c36041cd00abe74b10d22acfa72e058560cb395 (#34)
2026-02-14 02:34:42 🎁 Prepared block for proposing at 35 (0 ms) hash: 0x5e1bcd7845b0861a88fbb91bd3025b01ac433a0cd0d199a04bfd36f0b615572e; parent_hash: 0x9b94…b395; end: NoMoreTransactions; extrinsics_count: 1
2026-02-14 02:34:42 🔖 Pre-sealed block for proposal at 35. Hash now 0x08eb72424a9d5079a7269814e468a9a81ac11e6a194f7baeff2eba84dff0b909, previously 0x5e1bcd7845b0861a88fbb91bd3025b01ac433a0cd0d199a04bfd36f0b615572e.
2026-02-14 02:34:42 🏆 Imported #35 (0x9b94…b395 → 0x08eb…b909)
2026-02-14 02:34:43 💤 Idle (0 peers), best: #35 (0x08eb…b909), finalized #32 (0x2e4d…ee99), ⬇ 0 ⬆ 0
2026-02-14 02:34:48 🙌 Starting consensus session on top of parent 0x08eb72424a9d5079a7269814e468a9a81ac11e6a194f7baeff2eba84dff0b909 (#35)
2026-02-14 02:34:48 🎁 Prepared block for proposing at 36 (0 ms) hash: 0x04ff9cc4d12dc779189b4685cea0db440aa85b2acf715a0b2455c627f983e829; parent_hash: 0x08eb…b909; end: NoMoreTransactions; extrinsics_count: 1
2026-02-14 02:34:48 🔖 Pre-sealed block for proposal at 36. Hash now 0x49c12e6cabb7623dbd95eb37b89a3a0544446e8e73aaa375617b2bf6337ea71d, previously 0x04ff9cc4d12dc779189b4685cea0db440aa85b2acf715a0b2455c627f983e829.
2026-02-14 02:34:48 🏆 Imported #36 (0x08eb…b909 → 0x49c1…a71d)
2026-02-14 02:34:48 💤 Idle (0 peers), best: #36 (0x49c1…a71d), finalized #33 (0x9a1b…cbbd), ⬇ 0 ⬆ 0
2026-02-14 02:34:53 💤 Idle (0 peers), best: #36 (0x49c1…a71d), finalized #34 (0x9b94…b395), ⬇ 0 ⬆ 0
2026-02-14 02:34:54 🙌 Starting consensus session on top of parent 0x49c12e6cabb7623dbd95eb37b89a3a0544446e8e73aaa375617b2bf6337ea71d (#36)
2026-02-14 02:34:54 🎁 Prepared block for proposing at 37 (0 ms) hash: 0x2abfdc12c1b0568ded7c6413292075ff311bbbe7bac99335cedb3d9d08111695; parent_hash: 0x49c1…a71d; end: NoMoreTransactions; extrinsics_count: 1
2026-02-14 02:34:54 🔖 Pre-sealed block for proposal at 37. Hash now 0x6c0f413a3e35333f0520e3d46d46f1ea7abbdc825a063eb9e7074c5718af641f, previously 0x2abfdc12c1b0568ded7c6413292075ff311bbbe7bac99335cedb3d9d08111695.
2026-02-14 02:34:54 🏆 Imported #37 (0x49c1…a71d → 0x6c0f…641f)
2026-02-14 02:34:58 💤 Idle (0 peers), best: #37 (0x6c0f…641f), finalized #35 (0x08eb…b909), ⬇ 0 ⬆ 0
2026-02-14 02:35:00 🙌 Starting consensus session on top of parent 0x6c0f413a3e35333f0520e3d46d46f1ea7abbdc825a063eb9e7074c5718af641f (#37)
2026-02-14 02:35:00 🎁 Prepared block for proposing at 38 (0 ms) hash: 0x1bb7ff3133657d17b3ae9019c30fdfbef2857505ab1c9e71def77da4f21d30a9; parent_hash: 0x6c0f…641f; end: NoMoreTransactions; extrinsics_count: 1
2026-02-14 02:35:00 🔖 Pre-sealed block for proposal at 38. Hash now 0x2d2f1db13ec8b9498c1511023aaada7c5e448ffd557f49e66472ec3956843666, previously 0x1bb7ff3133657d17b3ae9019c30fdfbef2857505ab1c9e71def77da4f21d30a9.
2026-02-14 02:35:00 🏆 Imported #38 (0x6c0f…641f → 0x2d2f…3666)
2026-02-14 02:35:03 💤 Idle (0 peers), best: #38 (0x2d2f…3666), finalized #36 (0x49c1…a71d), ⬇ 0 ⬆ 0
2026-02-14 02:35:06 🙌 Starting consensus session on top of parent 0x2d2f1db13ec8b9498c1511023aaada7c5e448ffd557f49e66472ec3956843666 (#38)
2026-02-14 02:35:06 🎁 Prepared block for proposing at 39 (0 ms) hash: 0x4a0987eac946e870b7a8e04bedbc32096554383a306c96d0c4f9a8765037f25a; parent_hash: 0x2d2f…3666; end: NoMoreTransactions; extrinsics_count: 1
2026-02-14 02:35:06 🔖 Pre-sealed block for proposal at 39. Hash now 0x667e2e35e7a5e89917c240177fcfd632c1828a6918fdcc03bc010ebb2a5afb83, previously 0x4a0987eac946e870b7a8e04bedbc32096554383a306c96d0c4f9a8765037f25a.
2026-02-14 02:35:06 🏆 Imported #39 (0x2d2f…3666 → 0x667e…fb83)
2026-02-14 02:35:08 💤 Idle (0 peers), best: #39 (0x667e…fb83), finalized #37 (0x6c0f…641f), ⬇ 0 ⬆ 0
2026-02-14 02:35:12 🙌 Starting consensus session on top of parent 0x667e2e35e7a5e89917c240177fcfd632c1828a6918fdcc03bc010ebb2a5afb83 (#39)
2026-02-14 02:35:12 🎁 Prepared block for proposing at 40 (0 ms) hash: 0xbbdd0af5a3c75756d9bc2e1931f3deeafe59aa0d5c0c59a38f3559e0de5c0be5; parent_hash: 0x667e…fb83; end: NoMoreTransactions; extrinsics_count: 1
2026-02-14 02:35:12 🔖 Pre-sealed block for proposal at 40. Hash now 0xbf57bcce0a4ac502d046e7be881d36d8837c4ef4c1b709e801b3d5ed8f64a70e, previously 0xbbdd0af5a3c75756d9bc2e1931f3deeafe59aa0d5c0c59a38f3559e0de5c0be5.
2026-02-14 02:35:12 🏆 Imported #40 (0x667e…fb83 → 0xbf57…a70e)
2026-02-14 02:35:13 💤 Idle (0 peers), best: #40 (0xbf57…a70e), finalized #37 (0x6c0f…641f), ⬇ 0 ⬆ 0
2026-02-14 02:35:18 🙌 Starting consensus session on top of parent 0xbf57bcce0a4ac502d046e7be881d36d8837c4ef4c1b709e801b3d5ed8f64a70e (#40)
2026-02-14 02:35:18 🎁 Prepared block for proposing at 41 (0 ms) hash: 0x390bad772ee5d737bce62be82ef640c4cc89f31378b79171357a725ac58dac93; parent_hash: 0xbf57…a70e; end: NoMoreTransactions; extrinsics_count: 1
2026-02-14 02:35:18 🔖 Pre-sealed block for proposal at 41. Hash now 0x31f1c96542167b416121932e9827d158a572bf8f4188ac5eef3b376c5d9ee600, previously 0x390bad772ee5d737bce62be82ef640c4cc89f31378b79171357a725ac58dac93.
2026-02-14 02:35:18 🏆 Imported #41 (0xbf57…a70e → 0x31f1…e600)
2026-02-14 02:35:18 💤 Idle (0 peers), best: #41 (0x31f1…e600), finalized #38 (0x2d2f…3666), ⬇ 0 ⬆ 0
2026-02-14 02:35:23 💤 Idle (0 peers), best: #41 (0x31f1…e600), finalized #39 (0x667e…fb83), ⬇ 0 ⬆ 0
2026-02-14 02:35:24 🙌 Starting consensus session on top of parent 0x31f1c96542167b416121932e9827d158a572bf8f4188ac5eef3b376c5d9ee600 (#41)
2026-02-14 02:35:24 🎁 Prepared block for proposing at 42 (0 ms) hash: 0x505066ffa46b38cea2aee430ade77cfba65fa951b8d72bbec5af87a40b653916; parent_hash: 0x31f1…e600; end: NoMoreTransactions; extrinsics_count: 1
2026-02-14 02:35:24 🔖 Pre-sealed block for proposal at 42. Hash now 0xc8ff1fe25d1df9db9e6df204f866241c1027b6fb6cdb19f2f9de0e6bc6d120e0, previously 0x505066ffa46b38cea2aee430ade77cfba65fa951b8d72bbec5af87a40b653916.
2026-02-14 02:35:24 🏆 Imported #42 (0x31f1…e600 → 0xc8ff…20e0)
2026-02-14 02:35:28 💤 Idle (0 peers), best: #42 (0xc8ff…20e0), finalized #40 (0xbf57…a70e), ⬇ 0 ⬆ 0
2026-02-14 02:35:30 🙌 Starting consensus session on top of parent 0xc8ff1fe25d1df9db9e6df204f866241c1027b6fb6cdb19f2f9de0e6bc6d120e0 (#42)
2026-02-14 02:35:30 🎁 Prepared block for proposing at 43 (0 ms) hash: 0x02f7a61aaea9b998e28c0f472257435d6fb4a246b4fa9eb782b91136c611f2b9; parent_hash: 0xc8ff…20e0; end: NoMoreTransactions; extrinsics_count: 1
2026-02-14 02:35:30 🔖 Pre-sealed block for proposal at 43. Hash now 0xe4491d618fd0ae5e9eabb6815ca69bdbc442fbf9908e64628353b8352f5c7b85, previously 0x02f7a61aaea9b998e28c0f472257435d6fb4a246b4fa9eb782b91136c611f2b9.
2026-02-14 02:35:30 🏆 Imported #43 (0xc8ff…20e0 → 0xe449…7b85)
2026-02-14 02:35:33 💤 Idle (0 peers), best: #43 (0xe449…7b85), finalized #41 (0x31f1…e600), ⬇ 0 ⬆ 0
2026-02-14 02:35:36 🙌 Starting consensus session on top of parent 0xe4491d618fd0ae5e9eabb6815ca69bdbc442fbf9908e64628353b8352f5c7b85 (#43)
2026-02-14 02:35:36 🎁 Prepared block for proposing at 44 (0 ms) hash: 0xb9f62cca55cabd0d1afaac5f34bbc3829ce4ec86ea01489e142d26654c166693; parent_hash: 0xe449…7b85; end: NoMoreTransactions; extrinsics_count: 1
2026-02-14 02:35:36 🔖 Pre-sealed block for proposal at 44. Hash now 0xc645c3a355037b0b85ba31810089b96708170f0264935cd388607cdf4e727bfb, previously 0xb9f62cca55cabd0d1afaac5f34bbc3829ce4ec86ea01489e142d26654c166693.
2026-02-14 02:35:36 🏆 Imported #44 (0xe449…7b85 → 0xc645…7bfb)
2026-02-14 02:35:38 💤 Idle (0 peers), best: #44 (0xc645…7bfb), finalized #42 (0xc8ff…20e0), ⬇ 0 ⬆ 0
2026-02-14 02:35:42 🙌 Starting consensus session on top of parent 0xc645c3a355037b0b85ba31810089b96708170f0264935cd388607cdf4e727bfb (#44)
2026-02-14 02:35:42 🎁 Prepared block for proposing at 45 (0 ms) hash: 0xeffee9d0ba7a3e55a803aff336a4be12f33996ba5f2c5c860f0b0eb00feaee1d; parent_hash: 0xc645…7bfb; end: NoMoreTransactions; extrinsics_count: 1
2026-02-14 02:35:42 🔖 Pre-sealed block for proposal at 45. Hash now 0xe228b4a19e09350532b340dcebf43004828764cbb63e6b9e47a451551703ab9b, previously 0xeffee9d0ba7a3e55a803aff336a4be12f33996ba5f2c5c860f0b0eb00feaee1d.
2026-02-14 02:35:42 🏆 Imported #45 (0xc645…7bfb → 0xe228…ab9b)
2026-02-14 02:35:43 💤 Idle (0 peers), best: #45 (0xe228…ab9b), finalized #42 (0xc8ff…20e0), ⬇ 0 ⬆ 0
2026-02-14 02:35:48 🙌 Starting consensus session on top of parent 0xe228b4a19e09350532b340dcebf43004828764cbb63e6b9e47a451551703ab9b (#45)
2026-02-14 02:35:48 🎁 Prepared block for proposing at 46 (0 ms) hash: 0x5dc41a68e42a1dccd385bfd81f7c329a53497c1ebb0b9d88c6f8a1054f847153; parent_hash: 0xe228…ab9b; end: NoMoreTransactions; extrinsics_count: 1
2026-02-14 02:35:48 🔖 Pre-sealed block for proposal at 46. Hash now 0x89d8e3b61caca4a4196716d0b7f6cb3a2171a99735f8397f3cdcc70571ee122c, previously 0x5dc41a68e42a1dccd385bfd81f7c329a53497c1ebb0b9d88c6f8a1054f847153.
2026-02-14 02:35:48 🏆 Imported #46 (0xe228…ab9b → 0x89d8…122c)
2026-02-14 02:35:48 💤 Idle (0 peers), best: #46 (0x89d8…122c), finalized #43 (0xe449…7b85), ⬇ 0 ⬆ 0
2026-02-14 02:35:53 💤 Idle (0 peers), best: #46 (0x89d8…122c), finalized #44 (0xc645…7bfb), ⬇ 0 ⬆ 0
2026-02-14 02:35:54 🙌 Starting consensus session on top of parent 0x89d8e3b61caca4a4196716d0b7f6cb3a2171a99735f8397f3cdcc70571ee122c (#46)
2026-02-14 02:35:54 🎁 Prepared block for proposing at 47 (0 ms) hash: 0x59d696b5d59fb049377bf3b5865e987233dd76e550d0043a8f37357f2066df3d; parent_hash: 0x89d8…122c; end: NoMoreTransactions; extrinsics_count: 1
2026-02-14 02:35:54 🔖 Pre-sealed block for proposal at 47. Hash now 0x8978628c2b3854d15355503b090cc66c264a230e53437736c1c7aafcb05902c2, previously 0x59d696b5d59fb049377bf3b5865e987233dd76e550d0043a8f37357f2066df3d.
2026-02-14 02:35:54 🏆 Imported #47 (0x89d8…122c → 0x8978…02c2)
2026-02-14 02:35:58 💤 Idle (0 peers), best: #47 (0x8978…02c2), finalized #45 (0xe228…ab9b), ⬇ 0 ⬆ 0
2026-02-14 02:36:00 🙌 Starting consensus session on top of parent 0x8978628c2b3854d15355503b090cc66c264a230e53437736c1c7aafcb05902c2 (#47)
2026-02-14 02:36:00 🎁 Prepared block for proposing at 48 (0 ms) hash: 0x152bd62b9c608155ef5b467c2c1898521b60c7b29843bc5fac2c5cb2fcc73727; parent_hash: 0x8978…02c2; end: NoMoreTransactions; extrinsics_count: 1
2026-02-14 02:36:00 🔖 Pre-sealed block for proposal at 48. Hash now 0x7db7d7a2fdb46c0175044ef3e34b0d0bff4509e1c176965f02e0ebb42b6c1e26, previously 0x152bd62b9c608155ef5b467c2c1898521b60c7b29843bc5fac2c5cb2fcc73727.
2026-02-14 02:36:00 🏆 Imported #48 (0x8978…02c2 → 0x7db7…1e26)
2026-02-14 02:36:03 💤 Idle (0 peers), best: #48 (0x7db7…1e26), finalized #46 (0x89d8…122c), ⬇ 0 ⬆ 0
2026-02-14 02:36:06 🙌 Starting consensus session on top of parent 0x7db7d7a2fdb46c0175044ef3e34b0d0bff4509e1c176965f02e0ebb42b6c1e26 (#48)
2026-02-14 02:36:06 🎁 Prepared block for proposing at 49 (0 ms) hash: 0x3eaf0d8e1aebd4bfd5e82f557d4fe2d993a33a09dc70129b03176292905aca4c; parent_hash: 0x7db7…1e26; end: NoMoreTransactions; extrinsics_count: 1
2026-02-14 02:36:06 🔖 Pre-sealed block for proposal at 49. Hash now 0xb2bec6c5bc81f81ced799ee061701fd02b5fa234ce77c07afbdf7f20fa3a3fcd, previously 0x3eaf0d8e1aebd4bfd5e82f557d4fe2d993a33a09dc70129b03176292905aca4c.
2026-02-14 02:36:06 🏆 Imported #49 (0x7db7…1e26 → 0xb2be…3fcd)
2026-02-14 02:36:08 💤 Idle (0 peers), best: #49 (0xb2be…3fcd), finalized #47 (0x8978…02c2), ⬇ 0 ⬆ 0
2026-02-14 02:36:12 🙌 Starting consensus session on top of parent 0xb2bec6c5bc81f81ced799ee061701fd02b5fa234ce77c07afbdf7f20fa3a3fcd (#49)
2026-02-14 02:36:12 🎁 Prepared block for proposing at 50 (0 ms) hash: 0x0989608600e2505aa6e31f10806a042a45086d7f5efc188ebc995d8e2d2b3ce8; parent_hash: 0xb2be…3fcd; end: NoMoreTransactions; extrinsics_count: 1
2026-02-14 02:36:12 🔖 Pre-sealed block for proposal at 50. Hash now 0xea49691c9cdaa2c2310a331fcdd2e07e1bb2fa9c2c1472490178f15103b3b45a, previously 0x0989608600e2505aa6e31f10806a042a45086d7f5efc188ebc995d8e2d2b3ce8.
2026-02-14 02:36:12 🏆 Imported #50 (0xb2be…3fcd → 0xea49…b45a)
2026-02-14 02:36:13 💤 Idle (0 peers), best: #50 (0xea49…b45a), finalized #47 (0x8978…02c2), ⬇ 0 ⬆ 0
2026-02-14 02:36:18 🙌 Starting consensus session on top of parent 0xea49691c9cdaa2c2310a331fcdd2e07e1bb2fa9c2c1472490178f15103b3b45a (#50)
2026-02-14 02:36:18 🎁 Prepared block for proposing at 51 (0 ms) hash: 0x6134c299e7fdfe635465f58a953c8e9a90afaead8782f32c36f075b2940608f9; parent_hash: 0xea49…b45a; end: NoMoreTransactions; extrinsics_count: 1
2026-02-14 02:36:18 🔖 Pre-sealed block for proposal at 51. Hash now 0x7762a0c323a51849f53c23e48eb4d10bbdf86ded7308a8885a0389a72c032b9d, previously 0x6134c299e7fdfe635465f58a953c8e9a90afaead8782f32c36f075b2940608f9.
2026-02-14 02:36:18 🏆 Imported #51 (0xea49…b45a → 0x7762…2b9d)
2026-02-14 02:36:18 💤 Idle (0 peers), best: #51 (0x7762…2b9d), finalized #48 (0x7db7…1e26), ⬇ 0 ⬆ 0
2026-02-14 02:36:23 💤 Idle (0 peers), best: #51 (0x7762…2b9d), finalized #49 (0xb2be…3fcd), ⬇ 0 ⬆ 0
2026-02-14 02:36:24 🙌 Starting consensus session on top of parent 0x7762a0c323a51849f53c23e48eb4d10bbdf86ded7308a8885a0389a72c032b9d (#51)
2026-02-14 02:36:24 🎁 Prepared block for proposing at 52 (0 ms) hash: 0xba1340a72129d1471ef47a64f3e7057c1138f2bba346559c726287a87add1653; parent_hash: 0x7762…2b9d; end: NoMoreTransactions; extrinsics_count: 1
2026-02-14 02:36:24 🔖 Pre-sealed block for proposal at 52. Hash now 0x8087126c757dd99e9ab44668b31b745b1659d7f21ceefb7fd048a284fde6e57c, previously 0xba1340a72129d1471ef47a64f3e7057c1138f2bba346559c726287a87add1653.
2026-02-14 02:36:24 🏆 Imported #52 (0x7762…2b9d → 0x8087…e57c)
2026-02-14 02:36:28 💤 Idle (0 peers), best: #52 (0x8087…e57c), finalized #50 (0xea49…b45a), ⬇ 0 ⬆ 0
2026-02-14 02:36:30 🙌 Starting consensus session on top of parent 0x8087126c757dd99e9ab44668b31b745b1659d7f21ceefb7fd048a284fde6e57c (#52)
2026-02-14 02:36:30 🎁 Prepared block for proposing at 53 (0 ms) hash: 0x231b92a5b582caf2a4b950b75527e45c868af7f4c587446a823d1b90cec7b328; parent_hash: 0x8087…e57c; end: NoMoreTransactions; extrinsics_count: 1
2026-02-14 02:36:30 🔖 Pre-sealed block for proposal at 53. Hash now 0xeeb5d8cded8f6c9868d1a9c515a179a376510e3e10276f6f86cb79a7c9544b45, previously 0x231b92a5b582caf2a4b950b75527e45c868af7f4c587446a823d1b90cec7b328.
2026-02-14 02:36:30 🏆 Imported #53 (0x8087…e57c → 0xeeb5…4b45)
2026-02-14 02:36:33 💤 Idle (0 peers), best: #53 (0xeeb5…4b45), finalized #51 (0x7762…2b9d), ⬇ 0 ⬆ 0
2026-02-14 02:36:36 🙌 Starting consensus session on top of parent 0xeeb5d8cded8f6c9868d1a9c515a179a376510e3e10276f6f86cb79a7c9544b45 (#53)
2026-02-14 02:36:36 🎁 Prepared block for proposing at 54 (0 ms) hash: 0xe78601225d3a8f4675ab29f78a45a237906f3f611a06d174646b73a99241821a; parent_hash: 0xeeb5…4b45; end: NoMoreTransactions; extrinsics_count: 1
2026-02-14 02:36:36 🔖 Pre-sealed block for proposal at 54. Hash now 0xadc97571c550eb030b5b1298183abb2c227553144c93b32b849df63bccff3609, previously 0xe78601225d3a8f4675ab29f78a45a237906f3f611a06d174646b73a99241821a.
2026-02-14 02:36:36 🏆 Imported #54 (0xeeb5…4b45 → 0xadc9…3609)
2026-02-14 02:36:38 💤 Idle (0 peers), best: #54 (0xadc9…3609), finalized #52 (0x8087…e57c), ⬇ 0 ⬆ 0
2026-02-14 02:36:42 🙌 Starting consensus session on top of parent 0xadc97571c550eb030b5b1298183abb2c227553144c93b32b849df63bccff3609 (#54)
2026-02-14 02:36:42 🎁 Prepared block for proposing at 55 (0 ms) hash: 0xdfa57e01dd18869c4d7c0cb54b6f98da6bcc13b9f828fe00344ae4bb57d69d18; parent_hash: 0xadc9…3609; end: NoMoreTransactions; extrinsics_count: 1
2026-02-14 02:36:42 🔖 Pre-sealed block for proposal at 55. Hash now 0x9955c6c52997eb34d2799b2dce61f6c8eae08c0409518be9b56d5dc9581849c5, previously 0xdfa57e01dd18869c4d7c0cb54b6f98da6bcc13b9f828fe00344ae4bb57d69d18.
2026-02-14 02:36:42 🏆 Imported #55 (0xadc9…3609 → 0x9955…49c5)
2026-02-14 02:36:43 💤 Idle (0 peers), best: #55 (0x9955…49c5), finalized #52 (0x8087…e57c), ⬇ 0 ⬆ 0
2026-02-14 02:36:48 🙌 Starting consensus session on top of parent 0x9955c6c52997eb34d2799b2dce61f6c8eae08c0409518be9b56d5dc9581849c5 (#55)
2026-02-14 02:36:48 🎁 Prepared block for proposing at 56 (0 ms) hash: 0x4527a331806ec33054ccf8e55da44fcf078d7b7e946c3eef029001a93fcfc0f5; parent_hash: 0x9955…49c5; end: NoMoreTransactions; extrinsics_count: 1
2026-02-14 02:36:48 🔖 Pre-sealed block for proposal at 56. Hash now 0x9ea59fc5de52b349d3e0946c2d2111b6349ec737b57845cfbde725d8e41c8380, previously 0x4527a331806ec33054ccf8e55da44fcf078d7b7e946c3eef029001a93fcfc0f5.
2026-02-14 02:36:48 🏆 Imported #56 (0x9955…49c5 → 0x9ea5…8380)
2026-02-14 02:36:48 💤 Idle (0 peers), best: #56 (0x9ea5…8380), finalized #53 (0xeeb5…4b45), ⬇ 0 ⬆ 0
2026-02-14 02:36:53 💤 Idle (0 peers), best: #56 (0x9ea5…8380), finalized #54 (0xadc9…3609), ⬇ 0 ⬆ 0
2026-02-14 02:36:54 🙌 Starting consensus session on top of parent 0x9ea59fc5de52b349d3e0946c2d2111b6349ec737b57845cfbde725d8e41c8380 (#56)
2026-02-14 02:36:54 🎁 Prepared block for proposing at 57 (1 ms) hash: 0xa28cdb365aae15026a8466d2e4e7ba9b9f61a8778551c4a37bca0d524b8e498c; parent_hash: 0x9ea5…8380; end: NoMoreTransactions; extrinsics_count: 1
2026-02-14 02:36:54 🔖 Pre-sealed block for proposal at 57. Hash now 0x1719c99e19e5036fc139ca934f82060157549b0db1b5f73e572ee5e520e2be91, previously 0xa28cdb365aae15026a8466d2e4e7ba9b9f61a8778551c4a37bca0d524b8e498c.
2026-02-14 02:36:54 🏆 Imported #57 (0x9ea5…8380 → 0x1719…be91)
2026-02-14 02:36:58 💤 Idle (0 peers), best: #57 (0x1719…be91), finalized #55 (0x9955…49c5), ⬇ 0 ⬆ 0
2026-02-14 02:37:00 🙌 Starting consensus session on top of parent 0x1719c99e19e5036fc139ca934f82060157549b0db1b5f73e572ee5e520e2be91 (#57)
2026-02-14 02:37:00 🎁 Prepared block for proposing at 58 (0 ms) hash: 0x3a5b091adb305142a1123a3caa449731489866d7c97db62da58ddf0db071e7cc; parent_hash: 0x1719…be91; end: NoMoreTransactions; extrinsics_count: 1
2026-02-14 02:37:00 🔖 Pre-sealed block for proposal at 58. Hash now 0x4769b2e00fd5f56d7c122d66dfcdb9f916130c529b50a2496e920218fd37c16e, previously 0x3a5b091adb305142a1123a3caa449731489866d7c97db62da58ddf0db071e7cc.
2026-02-14 02:37:00 🏆 Imported #58 (0x1719…be91 → 0x4769…c16e)
2026-02-14 02:37:03 💤 Idle (0 peers), best: #58 (0x4769…c16e), finalized #56 (0x9ea5…8380), ⬇ 0 ⬆ 0
2026-02-14 02:37:06 🙌 Starting consensus session on top of parent 0x4769b2e00fd5f56d7c122d66dfcdb9f916130c529b50a2496e920218fd37c16e (#58)
2026-02-14 02:37:06 🎁 Prepared block for proposing at 59 (0 ms) hash: 0x81732b1b0b9f34abf920070ccf4481b3124680f24e3111b43eacc23f3cc9c5b1; parent_hash: 0x4769…c16e; end: NoMoreTransactions; extrinsics_count: 1
2026-02-14 02:37:06 🔖 Pre-sealed block for proposal at 59. Hash now 0x74bfadfad1fa1cc00c6c6b36048672e8172b05816b96b1c5b216d653c5267b90, previously 0x81732b1b0b9f34abf920070ccf4481b3124680f24e3111b43eacc23f3cc9c5b1.
2026-02-14 02:37:06 🏆 Imported #59 (0x4769…c16e → 0x74bf…7b90)
2026-02-14 02:37:08 💤 Idle (0 peers), best: #59 (0x74bf…7b90), finalized #57 (0x1719…be91), ⬇ 0 ⬆ 0
2026-02-14 02:37:12 🙌 Starting consensus session on top of parent 0x74bfadfad1fa1cc00c6c6b36048672e8172b05816b96b1c5b216d653c5267b90 (#59)
2026-02-14 02:37:12 🎁 Prepared block for proposing at 60 (0 ms) hash: 0x94eb47e2333be8cb2f73553835b94eec6888c2e7e03f88db21aad47547dbf691; parent_hash: 0x74bf…7b90; end: NoMoreTransactions; extrinsics_count: 1
2026-02-14 02:37:12 🔖 Pre-sealed block for proposal at 60. Hash now 0xee36f0e29bf0d04468b12ce9dd1e94ae81602245a8ceda2d08e33aa0f9513c0b, previously 0x94eb47e2333be8cb2f73553835b94eec6888c2e7e03f88db21aad47547dbf691.
2026-02-14 02:37:12 🏆 Imported #60 (0x74bf…7b90 → 0xee36…3c0b)
2026-02-14 02:37:13 💤 Idle (0 peers), best: #60 (0xee36…3c0b), finalized #57 (0x1719…be91), ⬇ 0 ⬆ 0
2026-02-14 02:37:18 🙌 Starting consensus session on top of parent 0xee36f0e29bf0d04468b12ce9dd1e94ae81602245a8ceda2d08e33aa0f9513c0b (#60)
2026-02-14 02:37:18 🎁 Prepared block for proposing at 61 (0 ms) hash: 0x17d2215ccdd4de229f5d32b7ab693156911e2387a41d763277c722e7764292b4; parent_hash: 0xee36…3c0b; end: NoMoreTransactions; extrinsics_count: 1
2026-02-14 02:37:18 🔖 Pre-sealed block for proposal at 61. Hash now 0x23afb58c1669dc4c34526d7902aff38c98adcdbe3b8c595ef5131ee8390102af, previously 0x17d2215ccdd4de229f5d32b7ab693156911e2387a41d763277c722e7764292b4.
2026-02-14 02:37:18 🏆 Imported #61 (0xee36…3c0b → 0x23af…02af)
2026-02-14 02:37:18 💤 Idle (0 peers), best: #61 (0x23af…02af), finalized #58 (0x4769…c16e), ⬇ 0 ⬆ 0
2026-02-14 02:37:23 💤 Idle (0 peers), best: #61 (0x23af…02af), finalized #59 (0x74bf…7b90), ⬇ 0 ⬆ 0
2026-02-14 02:37:24 🙌 Starting consensus session on top of parent 0x23afb58c1669dc4c34526d7902aff38c98adcdbe3b8c595ef5131ee8390102af (#61)
2026-02-14 02:37:24 🎁 Prepared block for proposing at 62 (0 ms) hash: 0x01872cb0779f96fc92aeac18e2d2eea236308e7dee481ac6636519625ef27578; parent_hash: 0x23af…02af; end: NoMoreTransactions; extrinsics_count: 1
2026-02-14 02:37:24 🔖 Pre-sealed block for proposal at 62. Hash now 0x969ec6215c7028b5a790c9f436757a07a14f5489b71932d616e5d19ac2816a2b, previously 0x01872cb0779f96fc92aeac18e2d2eea236308e7dee481ac6636519625ef27578.
2026-02-14 02:37:24 🏆 Imported #62 (0x23af…02af → 0x969e…6a2b)
2026-02-14 02:37:28 💤 Idle (0 peers), best: #62 (0x969e…6a2b), finalized #60 (0xee36…3c0b), ⬇ 0 ⬆ 0
2026-02-14 02:37:30 🙌 Starting consensus session on top of parent 0x969ec6215c7028b5a790c9f436757a07a14f5489b71932d616e5d19ac2816a2b (#62)
2026-02-14 02:37:30 🎁 Prepared block for proposing at 63 (0 ms) hash: 0x9e968975098e818d5078028cd5a6fedf13d367cc1ab9710a426cc0d582c8c14e; parent_hash: 0x969e…6a2b; end: NoMoreTransactions; extrinsics_count: 1
2026-02-14 02:37:30 🔖 Pre-sealed block for proposal at 63. Hash now 0x1864d0b91f898e4162ab49b887c6090ba5ffacdad92eaad8399daeda00639cb4, previously 0x9e968975098e818d5078028cd5a6fedf13d367cc1ab9710a426cc0d582c8c14e.
2026-02-14 02:37:30 🏆 Imported #63 (0x969e…6a2b → 0x1864…9cb4)
2026-02-14 02:37:33 💤 Idle (0 peers), best: #63 (0x1864…9cb4), finalized #61 (0x23af…02af), ⬇ 0 ⬆ 0
2026-02-14 02:37:36 🙌 Starting consensus session on top of parent 0x1864d0b91f898e4162ab49b887c6090ba5ffacdad92eaad8399daeda00639cb4 (#63)
2026-02-14 02:37:36 🎁 Prepared block for proposing at 64 (0 ms) hash: 0xf1f05de8b421a6bccd58b96ab443a1a92464c2ce215b3905ede5e39df2a2f691; parent_hash: 0x1864…9cb4; end: NoMoreTransactions; extrinsics_count: 1
2026-02-14 02:37:36 🔖 Pre-sealed block for proposal at 64. Hash now 0x8a39618b06f6c2782d14d52987a92e65a0db0483529395fd66f093095e3ab24b, previously 0xf1f05de8b421a6bccd58b96ab443a1a92464c2ce215b3905ede5e39df2a2f691.
2026-02-14 02:37:36 🏆 Imported #64 (0x1864…9cb4 → 0x8a39…b24b)
2026-02-14 02:37:38 💤 Idle (0 peers), best: #64 (0x8a39…b24b), finalized #62 (0x969e…6a2b), ⬇ 0 ⬆ 0
2026-02-14 02:37:42 🙌 Starting consensus session on top of parent 0x8a39618b06f6c2782d14d52987a92e65a0db0483529395fd66f093095e3ab24b (#64)
2026-02-14 02:37:42 🎁 Prepared block for proposing at 65 (0 ms) hash: 0x7220ce34a40a070caee934379786c92893e1e98c6149270433783467005e6829; parent_hash: 0x8a39…b24b; end: NoMoreTransactions; extrinsics_count: 1
2026-02-14 02:37:42 🔖 Pre-sealed block for proposal at 65. Hash now 0x7b4f1652b8029267a21ebef6682069272be96fd8c4c9c45c8d5e5ca3a2695cc9, previously 0x7220ce34a40a070caee934379786c92893e1e98c6149270433783467005e6829.
2026-02-14 02:37:42 🏆 Imported #65 (0x8a39…b24b → 0x7b4f…5cc9)
2026-02-14 02:37:43 💤 Idle (0 peers), best: #65 (0x7b4f…5cc9), finalized #62 (0x969e…6a2b), ⬇ 0 ⬆ 0
2026-02-14 02:37:48 🙌 Starting consensus session on top of parent 0x7b4f1652b8029267a21ebef6682069272be96fd8c4c9c45c8d5e5ca3a2695cc9 (#65)
2026-02-14 02:37:48 🎁 Prepared block for proposing at 66 (1 ms) hash: 0x26db194d3f084303b016603921766dce57c3baa2bf3d627941eefd94dcbb147e; parent_hash: 0x7b4f…5cc9; end: NoMoreTransactions; extrinsics_count: 1
2026-02-14 02:37:48 🔖 Pre-sealed block for proposal at 66. Hash now 0x4eb8feeacdb2b0e89fbf88488a1195068b97e63b2ce8abac686678b964aa206b, previously 0x26db194d3f084303b016603921766dce57c3baa2bf3d627941eefd94dcbb147e.
2026-02-14 02:37:48 🏆 Imported #66 (0x7b4f…5cc9 → 0x4eb8…206b)
2026-02-14 02:37:48 💤 Idle (0 peers), best: #66 (0x4eb8…206b), finalized #63 (0x1864…9cb4), ⬇ 0 ⬆ 0
2026-02-14 02:37:53 💤 Idle (0 peers), best: #66 (0x4eb8…206b), finalized #64 (0x8a39…b24b), ⬇ 0 ⬆ 0
2026-02-14 02:37:54 🙌 Starting consensus session on top of parent 0x4eb8feeacdb2b0e89fbf88488a1195068b97e63b2ce8abac686678b964aa206b (#66)
2026-02-14 02:37:54 🎁 Prepared block for proposing at 67 (0 ms) hash: 0x1a48eea411e5cb5b780e76762de46cb5865b25975a4cd0276e91162777fd25bb; parent_hash: 0x4eb8…206b; end: NoMoreTransactions; extrinsics_count: 1
2026-02-14 02:37:54 🔖 Pre-sealed block for proposal at 67. Hash now 0xe6e3b8ba957cb3d0f4306dc70e57fcc041ab6a477042574636af321b0719f772, previously 0x1a48eea411e5cb5b780e76762de46cb5865b25975a4cd0276e91162777fd25bb.
2026-02-14 02:37:54 🏆 Imported #67 (0x4eb8…206b → 0xe6e3…f772)
2026-02-14 02:37:58 💤 Idle (0 peers), best: #67 (0xe6e3…f772), finalized #65 (0x7b4f…5cc9), ⬇ 0 ⬆ 0
2026-02-14 02:38:00 🙌 Starting consensus session on top of parent 0xe6e3b8ba957cb3d0f4306dc70e57fcc041ab6a477042574636af321b0719f772 (#67)
2026-02-14 02:38:00 🎁 Prepared block for proposing at 68 (0 ms) hash: 0x45f7030bcf93f7621ade1e62f187b6024d35a37c0fb6493b8ee8f6059901e9c0; parent_hash: 0xe6e3…f772; end: NoMoreTransactions; extrinsics_count: 1
2026-02-14 02:38:00 🔖 Pre-sealed block for proposal at 68. Hash now 0x1332a35b04281f6f015884956bc68334d80c58292233d39aea6294bd8f5544ed, previously 0x45f7030bcf93f7621ade1e62f187b6024d35a37c0fb6493b8ee8f6059901e9c0.
2026-02-14 02:38:00 🏆 Imported #68 (0xe6e3…f772 → 0x1332…44ed)
2026-02-14 02:38:03 💤 Idle (0 peers), best: #68 (0x1332…44ed), finalized #66 (0x4eb8…206b), ⬇ 0 ⬆ 0
2026-02-14 02:38:06 🙌 Starting consensus session on top of parent 0x1332a35b04281f6f015884956bc68334d80c58292233d39aea6294bd8f5544ed (#68)
2026-02-14 02:38:06 🎁 Prepared block for proposing at 69 (0 ms) hash: 0x2400a58ba8f762b60e3f195acb516d5a7f5bc023fb6bb6777e23c2737d183c50; parent_hash: 0x1332…44ed; end: NoMoreTransactions; extrinsics_count: 1
2026-02-14 02:38:06 🔖 Pre-sealed block for proposal at 69. Hash now 0x10c1bf0f205b6be652f899e52b71c391f0903681e3a8d9780354063b33016dc6, previously 0x2400a58ba8f762b60e3f195acb516d5a7f5bc023fb6bb6777e23c2737d183c50.
2026-02-14 02:38:06 🏆 Imported #69 (0x1332…44ed → 0x10c1…6dc6)
2026-02-14 02:38:08 💤 Idle (0 peers), best: #69 (0x10c1…6dc6), finalized #67 (0xe6e3…f772), ⬇ 0 ⬆ 0
2026-02-14 02:38:12 🙌 Starting consensus session on top of parent 0x10c1bf0f205b6be652f899e52b71c391f0903681e3a8d9780354063b33016dc6 (#69)
2026-02-14 02:38:12 🎁 Prepared block for proposing at 70 (0 ms) hash: 0xfab4e6a3aabb04ae0fb36abfc2f7aacabd29b09670915e434a4372197aac70d9; parent_hash: 0x10c1…6dc6; end: NoMoreTransactions; extrinsics_count: 1
2026-02-14 02:38:12 🔖 Pre-sealed block for proposal at 70. Hash now 0xdafe4d59b5ce05c7cb5055bdf8a693f2e72ad762da63109ccfb8e549192ab232, previously 0xfab4e6a3aabb04ae0fb36abfc2f7aacabd29b09670915e434a4372197aac70d9.
2026-02-14 02:38:12 🏆 Imported #70 (0x10c1…6dc6 → 0xdafe…b232)
2026-02-14 02:38:13 💤 Idle (0 peers), best: #70 (0xdafe…b232), finalized #67 (0xe6e3…f772), ⬇ 0 ⬆ 0
2026-02-14 02:38:18 🙌 Starting consensus session on top of parent 0xdafe4d59b5ce05c7cb5055bdf8a693f2e72ad762da63109ccfb8e549192ab232 (#70)
2026-02-14 02:38:18 🎁 Prepared block for proposing at 71 (0 ms) hash: 0x8aa994a0254554bd8936738d05739cd5ce1d245142a41aee5904633116f92d80; parent_hash: 0xdafe…b232; end: NoMoreTransactions; extrinsics_count: 1
2026-02-14 02:38:18 🔖 Pre-sealed block for proposal at 71. Hash now 0xf50e8e73b439ff8fedd08d0fbc51bbe628e6d7eed45b69f38a49ed653ebb4c09, previously 0x8aa994a0254554bd8936738d05739cd5ce1d245142a41aee5904633116f92d80.
2026-02-14 02:38:18 🏆 Imported #71 (0xdafe…b232 → 0xf50e…4c09)
2026-02-14 02:38:18 💤 Idle (0 peers), best: #71 (0xf50e…4c09), finalized #68 (0x1332…44ed), ⬇ 0 ⬆ 0
2026-02-14 02:38:23 💤 Idle (0 peers), best: #71 (0xf50e…4c09), finalized #69 (0x10c1…6dc6), ⬇ 0 ⬆ 0
2026-02-14 02:38:24 🙌 Starting consensus session on top of parent 0xf50e8e73b439ff8fedd08d0fbc51bbe628e6d7eed45b69f38a49ed653ebb4c09 (#71)
2026-02-14 02:38:24 🎁 Prepared block for proposing at 72 (0 ms) hash: 0x80c99167e651118488040bf6d4cdd7c1fb373d937ff2b1d5c25be303163b5675; parent_hash: 0xf50e…4c09; end: NoMoreTransactions; extrinsics_count: 1
2026-02-14 02:38:24 🔖 Pre-sealed block for proposal at 72. Hash now 0xdad0c7ebd0336dcafd2d57632cfdfcddfcf068fc2968a038b346188eb3ffab2d, previously 0x80c99167e651118488040bf6d4cdd7c1fb373d937ff2b1d5c25be303163b5675.
2026-02-14 02:38:24 🏆 Imported #72 (0xf50e…4c09 → 0xdad0…ab2d)
2026-02-14 02:38:28 💤 Idle (0 peers), best: #72 (0xdad0…ab2d), finalized #70 (0xdafe…b232), ⬇ 0 ⬆ 0
2026-02-14 02:38:30 🙌 Starting consensus session on top of parent 0xdad0c7ebd0336dcafd2d57632cfdfcddfcf068fc2968a038b346188eb3ffab2d (#72)
2026-02-14 02:38:30 🎁 Prepared block for proposing at 73 (0 ms) hash: 0x9bd853b44be4a0caf1326bd213b9f99ee6265d0f1dd282b1ddeeece813e27d52; parent_hash: 0xdad0…ab2d; end: NoMoreTransactions; extrinsics_count: 1
2026-02-14 02:38:30 🔖 Pre-sealed block for proposal at 73. Hash now 0x40b3b18e3722e3875ec69a8d9da71dcc5909fa75fc59c742c1068f9fb68b7b2d, previously 0x9bd853b44be4a0caf1326bd213b9f99ee6265d0f1dd282b1ddeeece813e27d52.
2026-02-14 02:38:30 🏆 Imported #73 (0xdad0…ab2d → 0x40b3…7b2d)
2026-02-14 02:38:33 💤 Idle (0 peers), best: #73 (0x40b3…7b2d), finalized #71 (0xf50e…4c09), ⬇ 0 ⬆ 0
2026-02-14 02:38:36 🙌 Starting consensus session on top of parent 0x40b3b18e3722e3875ec69a8d9da71dcc5909fa75fc59c742c1068f9fb68b7b2d (#73)
2026-02-14 02:38:36 🎁 Prepared block for proposing at 74 (0 ms) hash: 0xa9fcbef2152d3c53e3f138182fb13b320ee9df5b049b66ae7ea1b544b2677d0c; parent_hash: 0x40b3…7b2d; end: NoMoreTransactions; extrinsics_count: 1
2026-02-14 02:38:36 🔖 Pre-sealed block for proposal at 74. Hash now 0x173d4c5c655630b3d45ecc9859350e52665024df9e1fd826b71679a74f442f7b, previously 0xa9fcbef2152d3c53e3f138182fb13b320ee9df5b049b66ae7ea1b544b2677d0c.
2026-02-14 02:38:36 🏆 Imported #74 (0x40b3…7b2d → 0x173d…2f7b)
2026-02-14 02:38:38 💤 Idle (0 peers), best: #74 (0x173d…2f7b), finalized #72 (0xdad0…ab2d), ⬇ 0 ⬆ 0
2026-02-14 02:38:42 🙌 Starting consensus session on top of parent 0x173d4c5c655630b3d45ecc9859350e52665024df9e1fd826b71679a74f442f7b (#74)
2026-02-14 02:38:42 🎁 Prepared block for proposing at 75 (0 ms) hash: 0xd5d47551fb45d48152cc7f24035ed386ca08203544f5b9971cec879fb502746d; parent_hash: 0x173d…2f7b; end: NoMoreTransactions; extrinsics_count: 1
2026-02-14 02:38:42 🔖 Pre-sealed block for proposal at 75. Hash now 0x106171e2fb874e146fa328e723ffa66ae58c2c10411779ac0da5d992c72cb4fa, previously 0xd5d47551fb45d48152cc7f24035ed386ca08203544f5b9971cec879fb502746d.
2026-02-14 02:38:42 🏆 Imported #75 (0x173d…2f7b → 0x1061…b4fa)
2026-02-14 02:38:43 💤 Idle (0 peers), best: #75 (0x1061…b4fa), finalized #72 (0xdad0…ab2d), ⬇ 0 ⬆ 0
2026-02-14 02:38:48 🙌 Starting consensus session on top of parent 0x106171e2fb874e146fa328e723ffa66ae58c2c10411779ac0da5d992c72cb4fa (#75)
2026-02-14 02:38:48 🎁 Prepared block for proposing at 76 (0 ms) hash: 0x249bb676a42c1d1f4acc6418b317f61c2eb2a5d350f6794e835f84df846e9bf3; parent_hash: 0x1061…b4fa; end: NoMoreTransactions; extrinsics_count: 1
2026-02-14 02:38:48 🔖 Pre-sealed block for proposal at 76. Hash now 0x3c97f5c28c56d1e8313aa95561ff080d92cf9ed514472bb25c5a280721768f7d, previously 0x249bb676a42c1d1f4acc6418b317f61c2eb2a5d350f6794e835f84df846e9bf3.
2026-02-14 02:38:48 🏆 Imported #76 (0x1061…b4fa → 0x3c97…8f7d)
2026-02-14 02:38:48 💤 Idle (0 peers), best: #76 (0x3c97…8f7d), finalized #73 (0x40b3…7b2d), ⬇ 0 ⬆ 0
2026-02-14 02:38:53 💤 Idle (0 peers), best: #76 (0x3c97…8f7d), finalized #74 (0x173d…2f7b), ⬇ 0 ⬆ 0
2026-02-14 02:38:54 🙌 Starting consensus session on top of parent 0x3c97f5c28c56d1e8313aa95561ff080d92cf9ed514472bb25c5a280721768f7d (#76)
2026-02-14 02:38:54 🎁 Prepared block for proposing at 77 (0 ms) hash: 0x86fa4d9834da33857c17becc34b35ae65cbb4e51d747281015a33922c5c687c7; parent_hash: 0x3c97…8f7d; end: NoMoreTransactions; extrinsics_count: 1
2026-02-14 02:38:54 🔖 Pre-sealed block for proposal at 77. Hash now 0x320ece243b4db12edee081816c83eb30d99b4ae2d8cbafb46a656b027dc9eea7, previously 0x86fa4d9834da33857c17becc34b35ae65cbb4e51d747281015a33922c5c687c7.
2026-02-14 02:38:54 🏆 Imported #77 (0x3c97…8f7d → 0x320e…eea7)
2026-02-14 02:38:58 💤 Idle (0 peers), best: #77 (0x320e…eea7), finalized #75 (0x1061…b4fa), ⬇ 0 ⬆ 0
2026-02-14 02:39:00 🙌 Starting consensus session on top of parent 0x320ece243b4db12edee081816c83eb30d99b4ae2d8cbafb46a656b027dc9eea7 (#77)
2026-02-14 02:39:00 🎁 Prepared block for proposing at 78 (0 ms) hash: 0xbeb7ae03d6897b934bb0bd53a69cc44a4f127852f0861a37ff08e7b455271152; parent_hash: 0x320e…eea7; end: NoMoreTransactions; extrinsics_count: 1
2026-02-14 02:39:00 🔖 Pre-sealed block for proposal at 78. Hash now 0x94718a92cea02f1fa977431cba3a584a3f2fe3ac30d6767a33579cb368af9896, previously 0xbeb7ae03d6897b934bb0bd53a69cc44a4f127852f0861a37ff08e7b455271152.
2026-02-14 02:39:00 🏆 Imported #78 (0x320e…eea7 → 0x9471…9896)
2026-02-14 02:39:03 💤 Idle (0 peers), best: #78 (0x9471…9896), finalized #76 (0x3c97…8f7d), ⬇ 0 ⬆ 0
2026-02-14 02:39:06 🙌 Starting consensus session on top of parent 0x94718a92cea02f1fa977431cba3a584a3f2fe3ac30d6767a33579cb368af9896 (#78)
2026-02-14 02:39:06 🎁 Prepared block for proposing at 79 (0 ms) hash: 0xd84161d37de18c2d0e9038a9aa113cbb5f840f7201df8be822114960341f6032; parent_hash: 0x9471…9896; end: NoMoreTransactions; extrinsics_count: 1
2026-02-14 02:39:06 🔖 Pre-sealed block for proposal at 79. Hash now 0x5fcac903c318c7ab9f384429fe19e18bfd32219a1a866967916dfed72fc85f93, previously 0xd84161d37de18c2d0e9038a9aa113cbb5f840f7201df8be822114960341f6032.
2026-02-14 02:39:06 🏆 Imported #79 (0x9471…9896 → 0x5fca…5f93)
2026-02-14 02:39:08 💤 Idle (0 peers), best: #79 (0x5fca…5f93), finalized #77 (0x320e…eea7), ⬇ 0 ⬆ 0
2026-02-14 02:39:12 🙌 Starting consensus session on top of parent 0x5fcac903c318c7ab9f384429fe19e18bfd32219a1a866967916dfed72fc85f93 (#79)
2026-02-14 02:39:12 🎁 Prepared block for proposing at 80 (0 ms) hash: 0x2b1285ca63d9bd343c08ea72b6223a2947d883dc1f01a264afe7c8bfb68f839e; parent_hash: 0x5fca…5f93; end: NoMoreTransactions; extrinsics_count: 1
2026-02-14 02:39:12 🔖 Pre-sealed block for proposal at 80. Hash now 0xb54bbb1d46c5615c46ffc3b46b8bae0e2de002822a1d83c7d5720c2c72e5b900, previously 0x2b1285ca63d9bd343c08ea72b6223a2947d883dc1f01a264afe7c8bfb68f839e.
2026-02-14 02:39:12 🏆 Imported #80 (0x5fca…5f93 → 0xb54b…b900)
2026-02-14 02:39:13 💤 Idle (0 peers), best: #80 (0xb54b…b900), finalized #77 (0x320e…eea7), ⬇ 0 ⬆ 0
2026-02-14 02:39:18 🙌 Starting consensus session on top of parent 0xb54bbb1d46c5615c46ffc3b46b8bae0e2de002822a1d83c7d5720c2c72e5b900 (#80)
2026-02-14 02:39:18 🎁 Prepared block for proposing at 81 (0 ms) hash: 0x7d0372179ce54ce52f73117f15ab197320ebc6432adec52ecc5f85cba4ef8d2c; parent_hash: 0xb54b…b900; end: NoMoreTransactions; extrinsics_count: 1
2026-02-14 02:39:18 🔖 Pre-sealed block for proposal at 81. Hash now 0x59e807139a3427ea195732beab2bf733f2a24a839dce1a0da7dee0123f3629bd, previously 0x7d0372179ce54ce52f73117f15ab197320ebc6432adec52ecc5f85cba4ef8d2c.
2026-02-14 02:39:18 🏆 Imported #81 (0xb54b…b900 → 0x59e8…29bd)
2026-02-14 02:39:18 💤 Idle (0 peers), best: #81 (0x59e8…29bd), finalized #78 (0x9471…9896), ⬇ 0 ⬆ 0
2026-02-14 02:39:23 💤 Idle (0 peers), best: #81 (0x59e8…29bd), finalized #79 (0x5fca…5f93), ⬇ 0 ⬆ 0
2026-02-14 02:39:24 🙌 Starting consensus session on top of parent 0x59e807139a3427ea195732beab2bf733f2a24a839dce1a0da7dee0123f3629bd (#81)
2026-02-14 02:39:24 🎁 Prepared block for proposing at 82 (0 ms) hash: 0x849ef5ba30847e133878d2695000142fcd6603f53d11e6569e2660cd22ec9411; parent_hash: 0x59e8…29bd; end: NoMoreTransactions; extrinsics_count: 1
2026-02-14 02:39:24 🔖 Pre-sealed block for proposal at 82. Hash now 0x08f2b46bb1f0f7ec587e80083d299b197b87244a9221cf87025a5147ec3633d0, previously 0x849ef5ba30847e133878d2695000142fcd6603f53d11e6569e2660cd22ec9411.
2026-02-14 02:39:24 🏆 Imported #82 (0x59e8…29bd → 0x08f2…33d0)
2026-02-14 02:39:28 💤 Idle (0 peers), best: #82 (0x08f2…33d0), finalized #80 (0xb54b…b900), ⬇ 0 ⬆ 0
2026-02-14 02:39:30 🙌 Starting consensus session on top of parent 0x08f2b46bb1f0f7ec587e80083d299b197b87244a9221cf87025a5147ec3633d0 (#82)
2026-02-14 02:39:30 🎁 Prepared block for proposing at 83 (0 ms) hash: 0x480af043eb32a356d896433cf5e3bbcf0ddeee783927dd0d2c9856fc02b54132; parent_hash: 0x08f2…33d0; end: NoMoreTransactions; extrinsics_count: 1
2026-02-14 02:39:30 🔖 Pre-sealed block for proposal at 83. Hash now 0x10c5e9acd297279a0570756f3606842a013f31d787a40471d6cd43ea7327336d, previously 0x480af043eb32a356d896433cf5e3bbcf0ddeee783927dd0d2c9856fc02b54132.
2026-02-14 02:39:30 🏆 Imported #83 (0x08f2…33d0 → 0x10c5…336d)
2026-02-14 02:39:33 💤 Idle (0 peers), best: #83 (0x10c5…336d), finalized #81 (0x59e8…29bd), ⬇ 0 ⬆ 0
2026-02-14 02:39:36 🙌 Starting consensus session on top of parent 0x10c5e9acd297279a0570756f3606842a013f31d787a40471d6cd43ea7327336d (#83)
2026-02-14 02:39:36 🎁 Prepared block for proposing at 84 (0 ms) hash: 0x854a6253f369484d2b6ff2d23fd6adea243245102210df2b1b2d8d45d895ef99; parent_hash: 0x10c5…336d; end: NoMoreTransactions; extrinsics_count: 1
2026-02-14 02:39:36 🔖 Pre-sealed block for proposal at 84. Hash now 0x6527c409cd9691b8b9def6db4e61d541fa3959dfcf694e05237ed15016a1f954, previously 0x854a6253f369484d2b6ff2d23fd6adea243245102210df2b1b2d8d45d895ef99.
2026-02-14 02:39:36 🏆 Imported #84 (0x10c5…336d → 0x6527…f954)
2026-02-14 02:39:38 💤 Idle (0 peers), best: #84 (0x6527…f954), finalized #82 (0x08f2…33d0), ⬇ 0 ⬆ 0
2026-02-14 02:39:42 🙌 Starting consensus session on top of parent 0x6527c409cd9691b8b9def6db4e61d541fa3959dfcf694e05237ed15016a1f954 (#84)
2026-02-14 02:39:42 🎁 Prepared block for proposing at 85 (0 ms) hash: 0xcd5892ef4046221310407245f20f92b34b2b2287419bfa2e920c1313725ba262; parent_hash: 0x6527…f954; end: NoMoreTransactions; extrinsics_count: 1
2026-02-14 02:39:42 🔖 Pre-sealed block for proposal at 85. Hash now 0x090aac306b0233504fb917016a06612c1563ad1d9b56ca14ee2b08fb37995de3, previously 0xcd5892ef4046221310407245f20f92b34b2b2287419bfa2e920c1313725ba262.
2026-02-14 02:39:42 🏆 Imported #85 (0x6527…f954 → 0x090a…5de3)
2026-02-14 02:39:43 💤 Idle (0 peers), best: #85 (0x090a…5de3), finalized #82 (0x08f2…33d0), ⬇ 0 ⬆ 0
2026-02-14 02:39:48 🙌 Starting consensus session on top of parent 0x090aac306b0233504fb917016a06612c1563ad1d9b56ca14ee2b08fb37995de3 (#85)
2026-02-14 02:39:48 🎁 Prepared block for proposing at 86 (0 ms) hash: 0x43d2d48b00e370b78c3300afc8f591dd7dbf1c03888278d9490797f55f2043c5; parent_hash: 0x090a…5de3; end: NoMoreTransactions; extrinsics_count: 1
2026-02-14 02:39:48 🔖 Pre-sealed block for proposal at 86. Hash now 0x167e4b58f761d3e9d364342b04363458f525e3400cd9fe4943de73512e18cf0e, previously 0x43d2d48b00e370b78c3300afc8f591dd7dbf1c03888278d9490797f55f2043c5.
2026-02-14 02:39:48 🏆 Imported #86 (0x090a…5de3 → 0x167e…cf0e)
2026-02-14 02:39:48 💤 Idle (0 peers), best: #86 (0x167e…cf0e), finalized #83 (0x10c5…336d), ⬇ 0 ⬆ 0
2026-02-14 02:39:53 💤 Idle (0 peers), best: #86 (0x167e…cf0e), finalized #84 (0x6527…f954), ⬇ 0 ⬆ 0
2026-02-14 02:39:54 🙌 Starting consensus session on top of parent 0x167e4b58f761d3e9d364342b04363458f525e3400cd9fe4943de73512e18cf0e (#86)
2026-02-14 02:39:54 🎁 Prepared block for proposing at 87 (0 ms) hash: 0xb03cd7aade3c924be3c6d7e6b9cb8baf2353d0c37ea54a4d74486acda6b403ac; parent_hash: 0x167e…cf0e; end: NoMoreTransactions; extrinsics_count: 1
2026-02-14 02:39:54 🔖 Pre-sealed block for proposal at 87. Hash now 0x2b99c6e5ec75d21a5d89208f4ed32001e2456c688656e746a82b34314596dbf8, previously 0xb03cd7aade3c924be3c6d7e6b9cb8baf2353d0c37ea54a4d74486acda6b403ac.
2026-02-14 02:39:54 🏆 Imported #87 (0x167e…cf0e → 0x2b99…dbf8)
2026-02-14 02:39:58 💤 Idle (0 peers), best: #87 (0x2b99…dbf8), finalized #85 (0x090a…5de3), ⬇ 0 ⬆ 0
2026-02-14 02:40:00 🙌 Starting consensus session on top of parent 0x2b99c6e5ec75d21a5d89208f4ed32001e2456c688656e746a82b34314596dbf8 (#87)
2026-02-14 02:40:00 🎁 Prepared block for proposing at 88 (0 ms) hash: 0x79be323c1e9beaf3412ee4c4434f517a4d7682bf19af9b29cb4fd8797c7ccf2a; parent_hash: 0x2b99…dbf8; end: NoMoreTransactions; extrinsics_count: 1
2026-02-14 02:40:00 🔖 Pre-sealed block for proposal at 88. Hash now 0xe3a608f85ec3b41e4d7e8aba3ee2e91efb25c08a2fa150baa865f2347d7a15e3, previously 0x79be323c1e9beaf3412ee4c4434f517a4d7682bf19af9b29cb4fd8797c7ccf2a.
2026-02-14 02:40:00 🏆 Imported #88 (0x2b99…dbf8 → 0xe3a6…15e3)
2026-02-14 02:40:03 💤 Idle (0 peers), best: #88 (0xe3a6…15e3), finalized #86 (0x167e…cf0e), ⬇ 0 ⬆ 0
2026-02-14 02:40:06 🙌 Starting consensus session on top of parent 0xe3a608f85ec3b41e4d7e8aba3ee2e91efb25c08a2fa150baa865f2347d7a15e3 (#88)
2026-02-14 02:40:06 🎁 Prepared block for proposing at 89 (0 ms) hash: 0x3e3a88e93471c6c9532f2af288445b89f42cdb39430b9b7d3865425e8f202361; parent_hash: 0xe3a6…15e3; end: NoMoreTransactions; extrinsics_count: 1
2026-02-14 02:40:06 🔖 Pre-sealed block for proposal at 89. Hash now 0x2a44565c2fe797673c320ededf6f93fd5b05235f7dc1e7010814bb91f4acbd3a, previously 0x3e3a88e93471c6c9532f2af288445b89f42cdb39430b9b7d3865425e8f202361.
2026-02-14 02:40:06 🏆 Imported #89 (0xe3a6…15e3 → 0x2a44…bd3a)
2026-02-14 02:40:08 💤 Idle (0 peers), best: #89 (0x2a44…bd3a), finalized #87 (0x2b99…dbf8), ⬇ 0 ⬆ 0
2026-02-14 02:40:12 🙌 Starting consensus session on top of parent 0x2a44565c2fe797673c320ededf6f93fd5b05235f7dc1e7010814bb91f4acbd3a (#89)
2026-02-14 02:40:12 🎁 Prepared block for proposing at 90 (0 ms) hash: 0x516e4f7ca25ff7715c0da1b438922f9c5b97a4c50b53e17cdec1680ff21165d8; parent_hash: 0x2a44…bd3a; end: NoMoreTransactions; extrinsics_count: 1
2026-02-14 02:40:12 🔖 Pre-sealed block for proposal at 90. Hash now 0x450b39e5c1308cb3c28fc71f81618cbe25e17fc6632e1f7fee850961e7ece1bd, previously 0x516e4f7ca25ff7715c0da1b438922f9c5b97a4c50b53e17cdec1680ff21165d8.
2026-02-14 02:40:12 🏆 Imported #90 (0x2a44…bd3a → 0x450b…e1bd)
2026-02-14 02:40:13 💤 Idle (0 peers), best: #90 (0x450b…e1bd), finalized #87 (0x2b99…dbf8), ⬇ 0 ⬆ 0
2026-02-14 02:40:18 🙌 Starting consensus session on top of parent 0x450b39e5c1308cb3c28fc71f81618cbe25e17fc6632e1f7fee850961e7ece1bd (#90)
2026-02-14 02:40:18 🎁 Prepared block for proposing at 91 (0 ms) hash: 0xc8b91bd88b469fc313dc6607629c6639fdbd7efee78797c1f01995cf1d04f2d4; parent_hash: 0x450b…e1bd; end: NoMoreTransactions; extrinsics_count: 1
2026-02-14 02:40:18 🔖 Pre-sealed block for proposal at 91. Hash now 0xb901446fb477009c48ac4b0234c3615090790608f934ee09d8e98df6dae674c3, previously 0xc8b91bd88b469fc313dc6607629c6639fdbd7efee78797c1f01995cf1d04f2d4.
2026-02-14 02:40:18 🏆 Imported #91 (0x450b…e1bd → 0xb901…74c3)
2026-02-14 02:40:18 💤 Idle (0 peers), best: #91 (0xb901…74c3), finalized #88 (0xe3a6…15e3), ⬇ 0 ⬆ 0
2026-02-14 02:40:23 💤 Idle (0 peers), best: #91 (0xb901…74c3), finalized #89 (0x2a44…bd3a), ⬇ 0 ⬆ 0
2026-02-14 02:40:24 🙌 Starting consensus session on top of parent 0xb901446fb477009c48ac4b0234c3615090790608f934ee09d8e98df6dae674c3 (#91)
2026-02-14 02:40:24 🎁 Prepared block for proposing at 92 (0 ms) hash: 0x753ff4918944d8a41770749afabb3755c4bcd653d0ef691ac079109e8cfc8361; parent_hash: 0xb901…74c3; end: NoMoreTransactions; extrinsics_count: 1
2026-02-14 02:40:24 🔖 Pre-sealed block for proposal at 92. Hash now 0x0520c5b316943c90c668854e58f78f5c45b5c1ecba38874622de2984970142b4, previously 0x753ff4918944d8a41770749afabb3755c4bcd653d0ef691ac079109e8cfc8361.
2026-02-14 02:40:24 🏆 Imported #92 (0xb901…74c3 → 0x0520…42b4)
2026-02-14 02:40:28 💤 Idle (0 peers), best: #92 (0x0520…42b4), finalized #90 (0x450b…e1bd), ⬇ 0 ⬆ 0
2026-02-14 02:40:30 🙌 Starting consensus session on top of parent 0x0520c5b316943c90c668854e58f78f5c45b5c1ecba38874622de2984970142b4 (#92)
2026-02-14 02:40:30 🎁 Prepared block for proposing at 93 (0 ms) hash: 0x8d8e98c68d3e39c1f74252ca69f62abf56c8ab82c1ce2be04400fdf374642b60; parent_hash: 0x0520…42b4; end: NoMoreTransactions; extrinsics_count: 1
2026-02-14 02:40:30 🔖 Pre-sealed block for proposal at 93. Hash now 0x987d89f3b5df65957d8b4af807ad857d4905773a65f350b36510dd6064f3e2e8, previously 0x8d8e98c68d3e39c1f74252ca69f62abf56c8ab82c1ce2be04400fdf374642b60.
2026-02-14 02:40:30 🏆 Imported #93 (0x0520…42b4 → 0x987d…e2e8)
2026-02-14 02:40:33 💤 Idle (0 peers), best: #93 (0x987d…e2e8), finalized #91 (0xb901…74c3), ⬇ 0 ⬆ 0
2026-02-14 02:40:36 🙌 Starting consensus session on top of parent 0x987d89f3b5df65957d8b4af807ad857d4905773a65f350b36510dd6064f3e2e8 (#93)
2026-02-14 02:40:36 🎁 Prepared block for proposing at 94 (0 ms) hash: 0x7ba92c8b9bbe7226aa20fae6ec11171df760e2d3b3d343d126cadc9ecc0bd66e; parent_hash: 0x987d…e2e8; end: NoMoreTransactions; extrinsics_count: 1
2026-02-14 02:40:36 🔖 Pre-sealed block for proposal at 94. Hash now 0xe3635318d8cabcc5c20aee7d4f57f57c64adf80fcf33bfb85d7f58c0a1b9e00d, previously 0x7ba92c8b9bbe7226aa20fae6ec11171df760e2d3b3d343d126cadc9ecc0bd66e.
2026-02-14 02:40:36 🏆 Imported #94 (0x987d…e2e8 → 0xe363…e00d)
2026-02-14 02:40:38 💤 Idle (0 peers), best: #94 (0xe363…e00d), finalized #92 (0x0520…42b4), ⬇ 0 ⬆ 0
2026-02-14 02:40:42 🙌 Starting consensus session on top of parent 0xe3635318d8cabcc5c20aee7d4f57f57c64adf80fcf33bfb85d7f58c0a1b9e00d (#94)
2026-02-14 02:40:42 🎁 Prepared block for proposing at 95 (0 ms) hash: 0xead89e4c201c71de3dcc8154d5f91a077156e2e50cbdb8e0c27332f5220961d6; parent_hash: 0xe363…e00d; end: NoMoreTransactions; extrinsics_count: 1
2026-02-14 02:40:42 🔖 Pre-sealed block for proposal at 95. Hash now 0x7cba7b8c9226fa80f6c373e70b7dca94e3ccbecbacbea1812ff6b20e5bc86ae5, previously 0xead89e4c201c71de3dcc8154d5f91a077156e2e50cbdb8e0c27332f5220961d6.
2026-02-14 02:40:42 🏆 Imported #95 (0xe363…e00d → 0x7cba…6ae5)
2026-02-14 02:40:43 💤 Idle (0 peers), best: #95 (0x7cba…6ae5), finalized #92 (0x0520…42b4), ⬇ 0 ⬆ 0
2026-02-14 02:40:48 🙌 Starting consensus session on top of parent 0x7cba7b8c9226fa80f6c373e70b7dca94e3ccbecbacbea1812ff6b20e5bc86ae5 (#95)
2026-02-14 02:40:48 🎁 Prepared block for proposing at 96 (0 ms) hash: 0xcab0b9e988ea854b745fbddceeac0f9b25180f5a3d79a9fb687626c1f6a57acb; parent_hash: 0x7cba…6ae5; end: NoMoreTransactions; extrinsics_count: 1
2026-02-14 02:40:48 🔖 Pre-sealed block for proposal at 96. Hash now 0xb22a892e73a802dd79e341385360b8342aea6b4974771a22ed6b32bb95100c77, previously 0xcab0b9e988ea854b745fbddceeac0f9b25180f5a3d79a9fb687626c1f6a57acb.
2026-02-14 02:40:48 🏆 Imported #96 (0x7cba…6ae5 → 0xb22a…0c77)
2026-02-14 02:40:48 💤 Idle (0 peers), best: #96 (0xb22a…0c77), finalized #93 (0x987d…e2e8), ⬇ 0 ⬆ 0
2026-02-14 02:40:53 💤 Idle (0 peers), best: #96 (0xb22a…0c77), finalized #94 (0xe363…e00d), ⬇ 0 ⬆ 0
2026-02-14 02:40:54 🙌 Starting consensus session on top of parent 0xb22a892e73a802dd79e341385360b8342aea6b4974771a22ed6b32bb95100c77 (#96)
2026-02-14 02:40:54 🎁 Prepared block for proposing at 97 (0 ms) hash: 0x7fd3e7990f5ead9a3631c509796fc0a0e4e0f842d16dd52ccba861db9a63a889; parent_hash: 0xb22a…0c77; end: NoMoreTransactions; extrinsics_count: 1
2026-02-14 02:40:54 🔖 Pre-sealed block for proposal at 97. Hash now 0xce623bd4df42dbe6a13f6d52586c1ba986eb5c627b062e92ab99006fc00d72ce, previously 0x7fd3e7990f5ead9a3631c509796fc0a0e4e0f842d16dd52ccba861db9a63a889.
2026-02-14 02:40:54 🏆 Imported #97 (0xb22a…0c77 → 0xce62…72ce)
2026-02-14 02:40:58 💤 Idle (0 peers), best: #97 (0xce62…72ce), finalized #95 (0x7cba…6ae5), ⬇ 0 ⬆ 0
2026-02-14 02:41:00 🙌 Starting consensus session on top of parent 0xce623bd4df42dbe6a13f6d52586c1ba986eb5c627b062e92ab99006fc00d72ce (#97)
2026-02-14 02:41:00 🎁 Prepared block for proposing at 98 (0 ms) hash: 0x3668d4dce9abf9fe799a49831ab398ff92a73266f77b32c32eb615436b61cb13; parent_hash: 0xce62…72ce; end: NoMoreTransactions; extrinsics_count: 1
2026-02-14 02:41:00 🔖 Pre-sealed block for proposal at 98. Hash now 0xd6613fb728ec65768928bba749649f95558ffa1f45aa7eef1343e6d8bb1efb52, previously 0x3668d4dce9abf9fe799a49831ab398ff92a73266f77b32c32eb615436b61cb13.
2026-02-14 02:41:00 🏆 Imported #98 (0xce62…72ce → 0xd661…fb52)
2026-02-14 02:41:03 💤 Idle (0 peers), best: #98 (0xd661…fb52), finalized #96 (0xb22a…0c77), ⬇ 0 ⬆ 0
2026-02-14 02:41:06 🙌 Starting consensus session on top of parent 0xd6613fb728ec65768928bba749649f95558ffa1f45aa7eef1343e6d8bb1efb52 (#98)
2026-02-14 02:41:06 🎁 Prepared block for proposing at 99 (0 ms) hash: 0x4efab29a388d8bf99d900eb360c621466609ef6bf6af77b920fdb82c6cd7cfb7; parent_hash: 0xd661…fb52; end: NoMoreTransactions; extrinsics_count: 1
2026-02-14 02:41:06 🔖 Pre-sealed block for proposal at 99. Hash now 0xf5f5cdf808a36cb1f66908843b5c0d300d4ec8ee15a803abb5f69597b5c5a04e, previously 0x4efab29a388d8bf99d900eb360c621466609ef6bf6af77b920fdb82c6cd7cfb7.
2026-02-14 02:41:06 🏆 Imported #99 (0xd661…fb52 → 0xf5f5…a04e)
2026-02-14 02:41:08 💤 Idle (0 peers), best: #99 (0xf5f5…a04e), finalized #97 (0xce62…72ce), ⬇ 0 ⬆ 0
2026-02-14 02:41:12 🙌 Starting consensus session on top of parent 0xf5f5cdf808a36cb1f66908843b5c0d300d4ec8ee15a803abb5f69597b5c5a04e (#99)
2026-02-14 02:41:12 🎁 Prepared block for proposing at 100 (0 ms) hash: 0x38a160b2869efefce5581be5bbca9da889e5a9a18505f28490b36748bd1f1dd1; parent_hash: 0xf5f5…a04e; end: NoMoreTransactions; extrinsics_count: 1
2026-02-14 02:41:12 🔖 Pre-sealed block for proposal at 100. Hash now 0xa7f72d5a62f9a04022562e0d4063c2fabe5960b904ef0baa7577f6bd2985be7f, previously 0x38a160b2869efefce5581be5bbca9da889e5a9a18505f28490b36748bd1f1dd1.
2026-02-14 02:41:12 🏆 Imported #100 (0xf5f5…a04e → 0xa7f7…be7f)
2026-02-14 02:41:13 💤 Idle (0 peers), best: #100 (0xa7f7…be7f), finalized #97 (0xce62…72ce), ⬇ 0 ⬆ 0
2026-02-14 02:41:18 🙌 Starting consensus session on top of parent 0xa7f72d5a62f9a04022562e0d4063c2fabe5960b904ef0baa7577f6bd2985be7f (#100)
2026-02-14 02:41:18 🎁 Prepared block for proposing at 101 (0 ms) hash: 0x27355acc411af170bdc1247c42916fe2f757bf85fdc6c8642a9304d951e47a62; parent_hash: 0xa7f7…be7f; end: NoMoreTransactions; extrinsics_count: 1
2026-02-14 02:41:18 🔖 Pre-sealed block for proposal at 101. Hash now 0xc6fbf0325520eae2271a81aa39c5f64fe1976891a06e4c68d354d09224309efd, previously 0x27355acc411af170bdc1247c42916fe2f757bf85fdc6c8642a9304d951e47a62.
2026-02-14 02:41:18 🏆 Imported #101 (0xa7f7…be7f → 0xc6fb…9efd)
2026-02-14 02:41:18 💤 Idle (0 peers), best: #101 (0xc6fb…9efd), finalized #98 (0xd661…fb52), ⬇ 0 ⬆ 0
2026-02-14 02:41:23 💤 Idle (0 peers), best: #101 (0xc6fb…9efd), finalized #99 (0xf5f5…a04e), ⬇ 0 ⬆ 0
2026-02-14 02:41:24 🙌 Starting consensus session on top of parent 0xc6fbf0325520eae2271a81aa39c5f64fe1976891a06e4c68d354d09224309efd (#101)
2026-02-14 02:41:24 🎁 Prepared block for proposing at 102 (0 ms) hash: 0xbb147876f6b2d90ef737c75717a7aead55be289efa9a9b96b37aa8438a3d85f9; parent_hash: 0xc6fb…9efd; end: NoMoreTransactions; extrinsics_count: 1
2026-02-14 02:41:24 🔖 Pre-sealed block for proposal at 102. Hash now 0xc19bfc83d4cbfc870798ca7ac382ffbca92707492627e730ff9a4e74cd3043af, previously 0xbb147876f6b2d90ef737c75717a7aead55be289efa9a9b96b37aa8438a3d85f9.
2026-02-14 02:41:24 🏆 Imported #102 (0xc6fb…9efd → 0xc19b…43af)
2026-02-14 02:41:28 💤 Idle (0 peers), best: #102 (0xc19b…43af), finalized #100 (0xa7f7…be7f), ⬇ 0 ⬆ 0
2026-02-14 02:41:30 🙌 Starting consensus session on top of parent 0xc19bfc83d4cbfc870798ca7ac382ffbca92707492627e730ff9a4e74cd3043af (#102)
2026-02-14 02:41:30 🎁 Prepared block for proposing at 103 (0 ms) hash: 0x98f87e3943e2dd1a63c0c22ba4734a39e9119a002593f6d32f77b67ce6560d17; parent_hash: 0xc19b…43af; end: NoMoreTransactions; extrinsics_count: 1
2026-02-14 02:41:30 🔖 Pre-sealed block for proposal at 103. Hash now 0xb536c75ff008b703a2e6dfb5ba65f6e1617f781818f057dc891069d4d6f62795, previously 0x98f87e3943e2dd1a63c0c22ba4734a39e9119a002593f6d32f77b67ce6560d17.
2026-02-14 02:41:30 🏆 Imported #103 (0xc19b…43af → 0xb536…2795)
2026-02-14 02:41:33 💤 Idle (0 peers), best: #103 (0xb536…2795), finalized #101 (0xc6fb…9efd), ⬇ 0 ⬆ 0
2026-02-14 02:41:36 🙌 Starting consensus session on top of parent 0xb536c75ff008b703a2e6dfb5ba65f6e1617f781818f057dc891069d4d6f62795 (#103)
2026-02-14 02:41:36 🎁 Prepared block for proposing at 104 (0 ms) hash: 0x2fd10d4ba3b4e9b26ebfef886742d0d90d62059d1c06c8ba718957027c3ce2f9; parent_hash: 0xb536…2795; end: NoMoreTransactions; extrinsics_count: 1
2026-02-14 02:41:36 🔖 Pre-sealed block for proposal at 104. Hash now 0x858d75d49e5cd32e44534014d6cf9ae1526a09e43a6a4bc6599eed796231fbe1, previously 0x2fd10d4ba3b4e9b26ebfef886742d0d90d62059d1c06c8ba718957027c3ce2f9.
2026-02-14 02:41:36 🏆 Imported #104 (0xb536…2795 → 0x858d…fbe1)
2026-02-14 02:41:38 💤 Idle (0 peers), best: #104 (0x858d…fbe1), finalized #102 (0xc19b…43af), ⬇ 0 ⬆ 0
2026-02-14 02:41:42 🙌 Starting consensus session on top of parent 0x858d75d49e5cd32e44534014d6cf9ae1526a09e43a6a4bc6599eed796231fbe1 (#104)
2026-02-14 02:41:42 🎁 Prepared block for proposing at 105 (0 ms) hash: 0xbefb142b887bac1dc4badb91ac5fc549f1692643fcf9f766ef311fe668283db0; parent_hash: 0x858d…fbe1; end: NoMoreTransactions; extrinsics_count: 1
2026-02-14 02:41:42 🔖 Pre-sealed block for proposal at 105. Hash now 0xf278431c57a92a51f45ac8150bd5506854daf6cc695ff24c51a7f2f0dc24195d, previously 0xbefb142b887bac1dc4badb91ac5fc549f1692643fcf9f766ef311fe668283db0.
2026-02-14 02:41:42 🏆 Imported #105 (0x858d…fbe1 → 0xf278…195d)
2026-02-14 02:41:43 💤 Idle (0 peers), best: #105 (0xf278…195d), finalized #102 (0xc19b…43af), ⬇ 0 ⬆ 0
2026-02-14 02:41:48 🙌 Starting consensus session on top of parent 0xf278431c57a92a51f45ac8150bd5506854daf6cc695ff24c51a7f2f0dc24195d (#105)
2026-02-14 02:41:48 🎁 Prepared block for proposing at 106 (0 ms) hash: 0x7147e816904451a1e2c9882f8df229ba5dc2ac5c4ab17d4b0467e1f020663506; parent_hash: 0xf278…195d; end: NoMoreTransactions; extrinsics_count: 1
2026-02-14 02:41:48 🔖 Pre-sealed block for proposal at 106. Hash now 0x9ad0461c60ec19931bc084d16898414c54d55c121b32df9b5e17171f635408e3, previously 0x7147e816904451a1e2c9882f8df229ba5dc2ac5c4ab17d4b0467e1f020663506.
2026-02-14 02:41:48 🏆 Imported #106 (0xf278…195d → 0x9ad0…08e3)
2026-02-14 02:41:48 💤 Idle (0 peers), best: #106 (0x9ad0…08e3), finalized #103 (0xb536…2795), ⬇ 0 ⬆ 0
2026-02-14 02:41:53 💤 Idle (0 peers), best: #106 (0x9ad0…08e3), finalized #104 (0x858d…fbe1), ⬇ 0 ⬆ 0
2026-02-14 02:41:54 🙌 Starting consensus session on top of parent 0x9ad0461c60ec19931bc084d16898414c54d55c121b32df9b5e17171f635408e3 (#106)
2026-02-14 02:41:54 🎁 Prepared block for proposing at 107 (0 ms) hash: 0x056e3a13fd70c54081b76f94f5abf1fcadd050c5a7b62638da9eb7fc7b4e733a; parent_hash: 0x9ad0…08e3; end: NoMoreTransactions; extrinsics_count: 1
2026-02-14 02:41:54 🔖 Pre-sealed block for proposal at 107. Hash now 0x798d231b97536f1fa3f9d2a26bc68e36b3072ee148b353da91a5ce7dfe10f57a, previously 0x056e3a13fd70c54081b76f94f5abf1fcadd050c5a7b62638da9eb7fc7b4e733a.
2026-02-14 02:41:54 🏆 Imported #107 (0x9ad0…08e3 → 0x798d…f57a)
2026-02-14 02:41:58 💤 Idle (0 peers), best: #107 (0x798d…f57a), finalized #105 (0xf278…195d), ⬇ 0 ⬆ 0
2026-02-14 02:42:00 🙌 Starting consensus session on top of parent 0x798d231b97536f1fa3f9d2a26bc68e36b3072ee148b353da91a5ce7dfe10f57a (#107)
2026-02-14 02:42:00 🎁 Prepared block for proposing at 108 (0 ms) hash: 0x2f3bdd558f9fe9faeca477b8fe85075a50f6da6a758681bc967252814200bcf0; parent_hash: 0x798d…f57a; end: NoMoreTransactions; extrinsics_count: 1
2026-02-14 02:42:00 🔖 Pre-sealed block for proposal at 108. Hash now 0x0a9f2f7a7a41d8da584aee0b780504c5b2556b2e91b97b052fffa4569c03168a, previously 0x2f3bdd558f9fe9faeca477b8fe85075a50f6da6a758681bc967252814200bcf0.
2026-02-14 02:42:00 🏆 Imported #108 (0x798d…f57a → 0x0a9f…168a)
2026-02-14 02:42:03 💤 Idle (0 peers), best: #108 (0x0a9f…168a), finalized #106 (0x9ad0…08e3), ⬇ 0 ⬆ 0
2026-02-14 02:42:06 🙌 Starting consensus session on top of parent 0x0a9f2f7a7a41d8da584aee0b780504c5b2556b2e91b97b052fffa4569c03168a (#108)
2026-02-14 02:42:06 🎁 Prepared block for proposing at 109 (0 ms) hash: 0xf57ef2ad63e049af05112ceeb870bdb2909de5e8ec8c1d9db5d6aa548260bb24; parent_hash: 0x0a9f…168a; end: NoMoreTransactions; extrinsics_count: 1
2026-02-14 02:42:06 🔖 Pre-sealed block for proposal at 109. Hash now 0x8541facd4f83304a6569f73bd897e23332663d1b307195a87629f7904c7286bd, previously 0xf57ef2ad63e049af05112ceeb870bdb2909de5e8ec8c1d9db5d6aa548260bb24.
2026-02-14 02:42:06 🏆 Imported #109 (0x0a9f…168a → 0x8541…86bd)
2026-02-14 02:42:08 💤 Idle (0 peers), best: #109 (0x8541…86bd), finalized #107 (0x798d…f57a), ⬇ 0 ⬆ 0
2026-02-14 02:42:12 🙌 Starting consensus session on top of parent 0x8541facd4f83304a6569f73bd897e23332663d1b307195a87629f7904c7286bd (#109)
2026-02-14 02:42:12 🎁 Prepared block for proposing at 110 (0 ms) hash: 0xdb9636ad39c900e1c3ad1bd67e800a4933a5f4235e2c38a78cccbfd9f316c5bc; parent_hash: 0x8541…86bd; end: NoMoreTransactions; extrinsics_count: 1
2026-02-14 02:42:12 🔖 Pre-sealed block for proposal at 110. Hash now 0x9a9af92fd101360bdf6675f6629b5e4be47801df841d4a8936db4b6bd71175d9, previously 0xdb9636ad39c900e1c3ad1bd67e800a4933a5f4235e2c38a78cccbfd9f316c5bc.
2026-02-14 02:42:12 🏆 Imported #110 (0x8541…86bd → 0x9a9a…75d9)
2026-02-14 02:42:13 💤 Idle (0 peers), best: #110 (0x9a9a…75d9), finalized #107 (0x798d…f57a), ⬇ 0 ⬆ 0
2026-02-14 02:42:18 🙌 Starting consensus session on top of parent 0x9a9af92fd101360bdf6675f6629b5e4be47801df841d4a8936db4b6bd71175d9 (#110)
2026-02-14 02:42:18 🎁 Prepared block for proposing at 111 (0 ms) hash: 0xfd76d4c74fb80571422684de92b7ea6b63f77cc6f03cf5bff6c5227dd82dd828; parent_hash: 0x9a9a…75d9; end: NoMoreTransactions; extrinsics_count: 1
2026-02-14 02:42:18 🔖 Pre-sealed block for proposal at 111. Hash now 0xc48aef57840d857b98e02a17390a0c3390ee049a65f2977d29f0fd1bbbbe39ab, previously 0xfd76d4c74fb80571422684de92b7ea6b63f77cc6f03cf5bff6c5227dd82dd828.
2026-02-14 02:42:18 🏆 Imported #111 (0x9a9a…75d9 → 0xc48a…39ab)
2026-02-14 02:42:18 💤 Idle (0 peers), best: #111 (0xc48a…39ab), finalized #108 (0x0a9f…168a), ⬇ 0 ⬆ 0
2026-02-14 02:42:23 💤 Idle (0 peers), best: #111 (0xc48a…39ab), finalized #109 (0x8541…86bd), ⬇ 0 ⬆ 0
2026-02-14 02:42:24 🙌 Starting consensus session on top of parent 0xc48aef57840d857b98e02a17390a0c3390ee049a65f2977d29f0fd1bbbbe39ab (#111)
2026-02-14 02:42:24 🎁 Prepared block for proposing at 112 (0 ms) hash: 0x9051a54160c7c06980599fe88b39a1bd953a593640277ed25e6b3b687d34a396; parent_hash: 0xc48a…39ab; end: NoMoreTransactions; extrinsics_count: 1
2026-02-14 02:42:24 🔖 Pre-sealed block for proposal at 112. Hash now 0xb77ff76d89ff16c1f94e09d64f3126d95aa795f90739c59aa47da97983f8561b, previously 0x9051a54160c7c06980599fe88b39a1bd953a593640277ed25e6b3b687d34a396.
2026-02-14 02:42:24 🏆 Imported #112 (0xc48a…39ab → 0xb77f…561b)
2026-02-14 02:42:28 💤 Idle (0 peers), best: #112 (0xb77f…561b), finalized #110 (0x9a9a…75d9), ⬇ 0 ⬆ 0
2026-02-14 02:42:30 🙌 Starting consensus session on top of parent 0xb77ff76d89ff16c1f94e09d64f3126d95aa795f90739c59aa47da97983f8561b (#112)
2026-02-14 02:42:30 🎁 Prepared block for proposing at 113 (0 ms) hash: 0x1d2787efe35f08ed32d54d7e2beded2a0fe9405d4f6703a6f8ed89820febf6b2; parent_hash: 0xb77f…561b; end: NoMoreTransactions; extrinsics_count: 1
2026-02-14 02:42:30 🔖 Pre-sealed block for proposal at 113. Hash now 0xb54012fc73d66846ed15187a3b8482cbb66f0a91d29d616e31aeae83631c9d94, previously 0x1d2787efe35f08ed32d54d7e2beded2a0fe9405d4f6703a6f8ed89820febf6b2.
2026-02-14 02:42:30 🏆 Imported #113 (0xb77f…561b → 0xb540…9d94)
2026-02-14 02:42:33 💤 Idle (0 peers), best: #113 (0xb540…9d94), finalized #111 (0xc48a…39ab), ⬇ 0 ⬆ 0
2026-02-14 02:42:36 🙌 Starting consensus session on top of parent 0xb54012fc73d66846ed15187a3b8482cbb66f0a91d29d616e31aeae83631c9d94 (#113)
2026-02-14 02:42:36 🎁 Prepared block for proposing at 114 (0 ms) hash: 0xba49a718e04a0b771250c17ec334262c294c4b60942f4fce7ca48710ad1eb33f; parent_hash: 0xb540…9d94; end: NoMoreTransactions; extrinsics_count: 1
2026-02-14 02:42:36 🔖 Pre-sealed block for proposal at 114. Hash now 0xf0c38312f0d2206b49716555d0739fc7589e264126a525cc0de060a086b09e33, previously 0xba49a718e04a0b771250c17ec334262c294c4b60942f4fce7ca48710ad1eb33f.
2026-02-14 02:42:36 🏆 Imported #114 (0xb540…9d94 → 0xf0c3…9e33)
2026-02-14 02:42:38 💤 Idle (0 peers), best: #114 (0xf0c3…9e33), finalized #112 (0xb77f…561b), ⬇ 0 ⬆ 0
2026-02-14 02:42:42 🙌 Starting consensus session on top of parent 0xf0c38312f0d2206b49716555d0739fc7589e264126a525cc0de060a086b09e33 (#114)
2026-02-14 02:42:42 🎁 Prepared block for proposing at 115 (0 ms) hash: 0xcfa52e28b397b0ed943a607a1460bffc7d02f307b95787868c47198f60c8b71b; parent_hash: 0xf0c3…9e33; end: NoMoreTransactions; extrinsics_count: 1
2026-02-14 02:42:42 🔖 Pre-sealed block for proposal at 115. Hash now 0xe28c3eaaa4fd355c56ed473d241aec19e4cda7bff7c64bafaf7d7a966887c871, previously 0xcfa52e28b397b0ed943a607a1460bffc7d02f307b95787868c47198f60c8b71b.
2026-02-14 02:42:42 🏆 Imported #115 (0xf0c3…9e33 → 0xe28c…c871)
2026-02-14 02:42:43 💤 Idle (0 peers), best: #115 (0xe28c…c871), finalized #112 (0xb77f…561b), ⬇ 0 ⬆ 0
2026-02-14 02:42:48 🙌 Starting consensus session on top of parent 0xe28c3eaaa4fd355c56ed473d241aec19e4cda7bff7c64bafaf7d7a966887c871 (#115)
2026-02-14 02:42:48 🎁 Prepared block for proposing at 116 (0 ms) hash: 0x3390fc49c6837f0237c227fe08b992a7c13cc2ed084006c85b4a2b4c83153ae3; parent_hash: 0xe28c…c871; end: NoMoreTransactions; extrinsics_count: 1
2026-02-14 02:42:48 🔖 Pre-sealed block for proposal at 116. Hash now 0x501e585b39e2dfe6f575546c172f771373062e2cdd689483536ab175a4a01fa9, previously 0x3390fc49c6837f0237c227fe08b992a7c13cc2ed084006c85b4a2b4c83153ae3.
2026-02-14 02:42:48 🏆 Imported #116 (0xe28c…c871 → 0x501e…1fa9)
2026-02-14 02:42:48 💤 Idle (0 peers), best: #116 (0x501e…1fa9), finalized #113 (0xb540…9d94), ⬇ 0 ⬆ 0
2026-02-14 02:42:53 💤 Idle (0 peers), best: #116 (0x501e…1fa9), finalized #114 (0xf0c3…9e33), ⬇ 0 ⬆ 0
2026-02-14 02:42:54 🙌 Starting consensus session on top of parent 0x501e585b39e2dfe6f575546c172f771373062e2cdd689483536ab175a4a01fa9 (#116)
2026-02-14 02:42:54 🎁 Prepared block for proposing at 117 (0 ms) hash: 0xb6390b66a152a58f6b881d1c80c80e5924167c81be50850f56c805afcf8ccec4; parent_hash: 0x501e…1fa9; end: NoMoreTransactions; extrinsics_count: 1
2026-02-14 02:42:54 🔖 Pre-sealed block for proposal at 117. Hash now 0x71fdb4ce372097934382ea2db3dd28507a9eaa11c2107d2c8081454db4092baf, previously 0xb6390b66a152a58f6b881d1c80c80e5924167c81be50850f56c805afcf8ccec4.
2026-02-14 02:42:54 🏆 Imported #117 (0x501e…1fa9 → 0x71fd…2baf)
2026-02-14 02:42:58 💤 Idle (0 peers), best: #117 (0x71fd…2baf), finalized #115 (0xe28c…c871), ⬇ 0 ⬆ 0
2026-02-14 02:43:00 🙌 Starting consensus session on top of parent 0x71fdb4ce372097934382ea2db3dd28507a9eaa11c2107d2c8081454db4092baf (#117)
2026-02-14 02:43:00 🎁 Prepared block for proposing at 118 (0 ms) hash: 0x4c8d42c6d1d381de59d0e5d7974149de09b6c6172a2cd35c92c7b1784ae24ac5; parent_hash: 0x71fd…2baf; end: NoMoreTransactions; extrinsics_count: 1
2026-02-14 02:43:00 🔖 Pre-sealed block for proposal at 118. Hash now 0xc5ebaa2eac767a9ac2266cabc59fde9a1ee264ef3dc363cff55f8bed9ece8c81, previously 0x4c8d42c6d1d381de59d0e5d7974149de09b6c6172a2cd35c92c7b1784ae24ac5.
2026-02-14 02:43:00 🏆 Imported #118 (0x71fd…2baf → 0xc5eb…8c81)
2026-02-14 02:43:03 💤 Idle (0 peers), best: #118 (0xc5eb…8c81), finalized #116 (0x501e…1fa9), ⬇ 0 ⬆ 0
2026-02-14 02:43:06 🙌 Starting consensus session on top of parent 0xc5ebaa2eac767a9ac2266cabc59fde9a1ee264ef3dc363cff55f8bed9ece8c81 (#118)
2026-02-14 02:43:06 🎁 Prepared block for proposing at 119 (0 ms) hash: 0x54610b1a42cd939e51c70c42058bb8ac8e85fdd8ff5d2a5f6b1fe1c568393569; parent_hash: 0xc5eb…8c81; end: NoMoreTransactions; extrinsics_count: 1
2026-02-14 02:43:06 🔖 Pre-sealed block for proposal at 119. Hash now 0xeceb0d8db184bacec01e73c8bbccb09a7fee0f089260ccc4c36b29d87303eb09, previously 0x54610b1a42cd939e51c70c42058bb8ac8e85fdd8ff5d2a5f6b1fe1c568393569.
2026-02-14 02:43:06 🏆 Imported #119 (0xc5eb…8c81 → 0xeceb…eb09)
2026-02-14 02:43:08 💤 Idle (0 peers), best: #119 (0xeceb…eb09), finalized #117 (0x71fd…2baf), ⬇ 0 ⬆ 0
2026-02-14 02:43:12 🙌 Starting consensus session on top of parent 0xeceb0d8db184bacec01e73c8bbccb09a7fee0f089260ccc4c36b29d87303eb09 (#119)
2026-02-14 02:43:12 🎁 Prepared block for proposing at 120 (0 ms) hash: 0x544ecbcbe86718a78eb6369f9ae04b560b16fbce7766d86d790add0b84330abf; parent_hash: 0xeceb…eb09; end: NoMoreTransactions; extrinsics_count: 1
2026-02-14 02:43:12 🔖 Pre-sealed block for proposal at 120. Hash now 0x30eb353d8369f9b79863695180905bd90e77ce784b40089ede36a7f5b718edd9, previously 0x544ecbcbe86718a78eb6369f9ae04b560b16fbce7766d86d790add0b84330abf.
2026-02-14 02:43:12 🏆 Imported #120 (0xeceb…eb09 → 0x30eb…edd9)
2026-02-14 02:43:13 💤 Idle (0 peers), best: #120 (0x30eb…edd9), finalized #117 (0x71fd…2baf), ⬇ 0 ⬆ 0
2026-02-14 02:43:18 🙌 Starting consensus session on top of parent 0x30eb353d8369f9b79863695180905bd90e77ce784b40089ede36a7f5b718edd9 (#120)
2026-02-14 02:43:18 🎁 Prepared block for proposing at 121 (0 ms) hash: 0x07fbc36881b3027018e12b84609d4dffb69d9d4eb383b01e1b728666356e2280; parent_hash: 0x30eb…edd9; end: NoMoreTransactions; extrinsics_count: 1
2026-02-14 02:43:18 🔖 Pre-sealed block for proposal at 121. Hash now 0x37a126f21543b50628e9eb8ddd38b176b2009a764daefd26ad706831dcc421d7, previously 0x07fbc36881b3027018e12b84609d4dffb69d9d4eb383b01e1b728666356e2280.
2026-02-14 02:43:18 🏆 Imported #121 (0x30eb…edd9 → 0x37a1…21d7)
2026-02-14 02:43:18 💤 Idle (0 peers), best: #121 (0x37a1…21d7), finalized #118 (0xc5eb…8c81), ⬇ 0 ⬆ 0
2026-02-14 02:43:23 💤 Idle (0 peers), best: #121 (0x37a1…21d7), finalized #119 (0xeceb…eb09), ⬇ 0 ⬆ 0
2026-02-14 02:43:24 🙌 Starting consensus session on top of parent 0x37a126f21543b50628e9eb8ddd38b176b2009a764daefd26ad706831dcc421d7 (#121)
2026-02-14 02:43:24 🎁 Prepared block for proposing at 122 (0 ms) hash: 0x7a2418d977a8865669b67416825f92c69a6f102d0a4ef200528ec92ed2a9a1ab; parent_hash: 0x37a1…21d7; end: NoMoreTransactions; extrinsics_count: 1
2026-02-14 02:43:24 🔖 Pre-sealed block for proposal at 122. Hash now 0x1334ac3742a03b56c070c26ffac529fc46bcde5e255ef6c142aabc1d64781864, previously 0x7a2418d977a8865669b67416825f92c69a6f102d0a4ef200528ec92ed2a9a1ab.
2026-02-14 02:43:24 🏆 Imported #122 (0x37a1…21d7 → 0x1334…1864)
2026-02-14 02:43:28 💤 Idle (0 peers), best: #122 (0x1334…1864), finalized #120 (0x30eb…edd9), ⬇ 0 ⬆ 0
2026-02-14 02:43:30 🙌 Starting consensus session on top of parent 0x1334ac3742a03b56c070c26ffac529fc46bcde5e255ef6c142aabc1d64781864 (#122)
2026-02-14 02:43:30 🎁 Prepared block for proposing at 123 (0 ms) hash: 0xd8973fc2016fc512e32261e597b5f74ad788379d61e844ab147bb163ba14cd27; parent_hash: 0x1334…1864; end: NoMoreTransactions; extrinsics_count: 1
2026-02-14 02:43:30 🔖 Pre-sealed block for proposal at 123. Hash now 0xfec227a8bd78b8954c3ad67d98d1cdaef796bed7de2838032739b6e21a9a0c1d, previously 0xd8973fc2016fc512e32261e597b5f74ad788379d61e844ab147bb163ba14cd27.
2026-02-14 02:43:30 🏆 Imported #123 (0x1334…1864 → 0xfec2…0c1d)
2026-02-14 02:43:33 💤 Idle (0 peers), best: #123 (0xfec2…0c1d), finalized #121 (0x37a1…21d7), ⬇ 0 ⬆ 0
2026-02-14 02:43:36 🙌 Starting consensus session on top of parent 0xfec227a8bd78b8954c3ad67d98d1cdaef796bed7de2838032739b6e21a9a0c1d (#123)
2026-02-14 02:43:36 🎁 Prepared block for proposing at 124 (0 ms) hash: 0xf079252f18a17e150d41a2bfd8d75ab7d8f52a318811fe764495f60858e5999a; parent_hash: 0xfec2…0c1d; end: NoMoreTransactions; extrinsics_count: 1
2026-02-14 02:43:36 🔖 Pre-sealed block for proposal at 124. Hash now 0x332a30741844f16157b51e6cf3b876793b0619d650cb87c62bd6a1a00e69c682, previously 0xf079252f18a17e150d41a2bfd8d75ab7d8f52a318811fe764495f60858e5999a.
2026-02-14 02:43:36 🏆 Imported #124 (0xfec2…0c1d → 0x332a…c682)
2026-02-14 02:43:38 💤 Idle (0 peers), best: #124 (0x332a…c682), finalized #122 (0x1334…1864), ⬇ 0 ⬆ 0
2026-02-14 02:43:42 🙌 Starting consensus session on top of parent 0x332a30741844f16157b51e6cf3b876793b0619d650cb87c62bd6a1a00e69c682 (#124)
2026-02-14 02:43:42 🎁 Prepared block for proposing at 125 (0 ms) hash: 0x2db4483b0d681bf6fafabdfa8f525056e7bd972b124652902a2e7a5c2fa1bf35; parent_hash: 0x332a…c682; end: NoMoreTransactions; extrinsics_count: 1
2026-02-14 02:43:42 🔖 Pre-sealed block for proposal at 125. Hash now 0x11c13ef7965852c9d0f86e0a7b50b2c21ae781e05915edc7aec9b4e403bc754c, previously 0x2db4483b0d681bf6fafabdfa8f525056e7bd972b124652902a2e7a5c2fa1bf35.
2026-02-14 02:43:42 🏆 Imported #125 (0x332a…c682 → 0x11c1…754c)
2026-02-14 02:43:43 💤 Idle (0 peers), best: #125 (0x11c1…754c), finalized #122 (0x1334…1864), ⬇ 0 ⬆ 0
2026-02-14 02:43:48 🙌 Starting consensus session on top of parent 0x11c13ef7965852c9d0f86e0a7b50b2c21ae781e05915edc7aec9b4e403bc754c (#125)
2026-02-14 02:43:48 🎁 Prepared block for proposing at 126 (0 ms) hash: 0xd035c687cc22fe5b9208128917bc87b1daa5da4c715d00901daa189e38335a82; parent_hash: 0x11c1…754c; end: NoMoreTransactions; extrinsics_count: 1
2026-02-14 02:43:48 🔖 Pre-sealed block for proposal at 126. Hash now 0xd2a2b71e662b050fb8339a4217eef0469fef9691b1ca30612abdd31f52e4508a, previously 0xd035c687cc22fe5b9208128917bc87b1daa5da4c715d00901daa189e38335a82.
2026-02-14 02:43:48 🏆 Imported #126 (0x11c1…754c → 0xd2a2…508a)
2026-02-14 02:43:48 💤 Idle (0 peers), best: #126 (0xd2a2…508a), finalized #123 (0xfec2…0c1d), ⬇ 0 ⬆ 0
2026-02-14 02:43:53 💤 Idle (0 peers), best: #126 (0xd2a2…508a), finalized #124 (0x332a…c682), ⬇ 0 ⬆ 0
2026-02-14 02:43:54 🙌 Starting consensus session on top of parent 0xd2a2b71e662b050fb8339a4217eef0469fef9691b1ca30612abdd31f52e4508a (#126)
2026-02-14 02:43:54 🎁 Prepared block for proposing at 127 (0 ms) hash: 0x7658e6d9645ec40fdcdff39872e81603a3522ee73087b54374355ac0600947cf; parent_hash: 0xd2a2…508a; end: NoMoreTransactions; extrinsics_count: 1
2026-02-14 02:43:54 🔖 Pre-sealed block for proposal at 127. Hash now 0x9de81e16c8e391f012c46d371dc3fbd2ff309aa4596e18c9cbdd41db957d3d23, previously 0x7658e6d9645ec40fdcdff39872e81603a3522ee73087b54374355ac0600947cf.
2026-02-14 02:43:54 🏆 Imported #127 (0xd2a2…508a → 0x9de8…3d23)
